#
# A fatal error has been detected by the Java Runtime Environment:
#
#  EXCEPTION_ACCESS_VIOLATION (0xc0000005) at pc=0x00007ff92d8612e4, pid=14732, tid=17716
#
# JRE version: Java(TM) SE Runtime Environment (16.0.2+7) (build 16.0.2+7-67)
# Java VM: Java HotSpot(TM) 64-Bit Server VM (16.0.2+7-67, mixed mode, sharing, tiered, compressed oops, compressed class ptrs, g1 gc, windows-amd64)
# Problematic frame:
# V  [jvm.dll+0x2e12e4]
#
# No core dump will be written. Minidumps are not enabled by default on client versions of Windows
#
# If you would like to submit a bug report, please visit:
#   https://bugreport.java.com/bugreport/crash.jsp
#

---------------  S U M M A R Y ------------

Command Line: -Dfile.encoding=Cp1252 -XX:+ShowCodeDetailsInExceptionMessages Grid

Host: Intel(R) Core(TM) i7-10700K CPU @ 3.80GHz, 16 cores, 31G,  Windows 10 , 64 bit Build 19041 (10.0.19041.1741)
Time: Wed Jun 22 10:01:59 2022 GMT Summer Time elapsed time: 0.994614 seconds (0d 0h 0m 0s)

---------------  T H R E A D  ---------------

Current thread (0x000001fd89242090):  GCTaskThread "GC Thread#11" [stack: 0x000000e255600000,0x000000e255700000] [id=17716]

Stack: [0x000000e255600000,0x000000e255700000],  sp=0x000000e2556ff910,  free space=1022k
Native frames: (J=compiled Java code, j=interpreted, Vv=VM code, C=native code)
V  [jvm.dll+0x2e12e4]
V  [jvm.dll+0x2fe7ee]
V  [jvm.dll+0x2d1fd4]
V  [jvm.dll+0x2d28da]
V  [jvm.dll+0x2d29d7]
V  [jvm.dll+0x2d84bb]
V  [jvm.dll+0x7f7f0b]
V  [jvm.dll+0x7795aa]
V  [jvm.dll+0x667066]
C  [ucrtbase.dll+0x21bb2]
C  [KERNEL32.DLL+0x17034]
C  [ntdll.dll+0x52651]


siginfo: EXCEPTION_ACCESS_VIOLATION (0xc0000005), data execution prevention violation at address 0x00007ff9248612e4


Register to memory mapping:

RIP=0x00007ff92d8612e4 jvm.dll
RAX=0x0000000000018a00 is an unknown value
RBX=0x0000000000000007 is an unknown value
RCX=0x000001fddb7552b0 points into unknown readable memory: 0x0000000000000000 | 00 00 00 00 00 00 00 00
RDX=0x0 is NULL
RSP=0x000000e2556ff910 points into unknown readable memory: 0x000001fd89518320 | 20 83 51 89 fd 01 00 00
RBP=0x0000000000000002 is an unknown value
RSI=0x0 is NULL
RDI=0x000001fddb747d80 points into unknown readable memory: 0x00007ff92de62008 | 08 20 e6 2d f9 7f 00 00
R8 =0x0 is NULL
R9 =0x000000000000000b is an unknown value
R10=0x0 is NULL
R11=0x000001fddb756660 points into unknown readable memory: 0x0000000000000000 | 00 00 00 00 00 00 00 00
R12=0x0 is NULL
R13=0x000000e2556ffa70 points into unknown readable memory: 0x00007ff92de61fd0 | d0 1f e6 2d f9 7f 00 00
R14=0x0000000000000058 is an unknown value
R15=0x000000e2556ff9a0 points into unknown readable memory: 0x000000065c070bc5 | c5 0b 07 5c 06 00 00 00


Registers:
RAX=0x0000000000018a00, RBX=0x0000000000000007, RCX=0x000001fddb7552b0, RDX=0x0000000000000000
RSP=0x000000e2556ff910, RBP=0x0000000000000002, RSI=0x0000000000000000, RDI=0x000001fddb747d80
R8 =0x0000000000000000, R9 =0x000000000000000b, R10=0x0000000000000000, R11=0x000001fddb756660
R12=0x0000000000000000, R13=0x000000e2556ffa70, R14=0x0000000000000058, R15=0x000000e2556ff9a0
RIP=0x00007ff92d8612e4, EFLAGS=0x0000000000010246

Top of Stack: (sp=0x000000e2556ff910)
0x000000e2556ff910:   000001fd89518320 0000000000000008
0x000000e2556ff920:   0000000000000008 000001fd89518320
0x000000e2556ff930:   0000000000000002 0000000000000000
0x000000e2556ff940:   000000065c070bc4 00007ff92d87e7ee
0x000000e2556ff950:   0006e6f100010001 000001fd89518320
0x000000e2556ff960:   000001fddb747d80 0000000000000001
0x000000e2556ff970:   0000000000000000 000000e2556ff9f0
0x000000e2556ff980:   0000000000000000 00007ff92d851fd4
0x000000e2556ff990:   0000031d36c10001 00007ff92de66300
0x000000e2556ff9a0:   000000065c070bc5 00007ff92de66300
0x000000e2556ff9b0:   000000000000000d 00007ff92d873387
0x000000e2556ff9c0:   0000000000000000 0000000000000000
0x000000e2556ff9d0:   000000e200000000 00007ff92dd0887e
0x000000e2556ff9e0:   0000000000000000 0000000000000000
0x000000e2556ff9f0:   000001fd89244380 000001fd8916df40
0x000000e2556ffa00:   00000000000003d8 000001fd89244758 

Instructions: (pc=0x00007ff92d8612e4)
0x00007ff92d8611e4:   e2 ff ff 01 00 41 81 fa ff ff 01 00 45 0f 44 d4
0x00007ff92d8611f4:   48 8d 34 c5 00 00 00 00 48 8b 47 10 48 8b 0c 06
0x00007ff92d861204:   8b 81 00 01 00 00 44 8b 81 80 00 00 00 44 2b c0
0x00007ff92d861214:   32 c0 41 81 e0 ff ff 01 00 41 81 f8 ff ff 01 00
0x00007ff92d861224:   45 0f 44 c4 45 3b c2 76 21 48 8b 47 10 48 8b 34
0x00007ff92d861234:   06 48 8b 86 00 01 00 00 48 89 44 24 40 8b 8e 80
0x00007ff92d861244:   00 00 00 48 8b 44 24 40 eb 2b 45 85 d2 0f 84 8d
0x00007ff92d861254:   00 00 00 48 8b 47 10 41 8b d1 49 8b 34 06 48 8b
0x00007ff92d861264:   86 00 01 00 00 48 89 44 24 58 8b 8e 80 00 00 00
0x00007ff92d861274:   48 8b 44 24 58 2b c8 81 e1 ff ff 01 00 81 f9 ff
0x00007ff92d861284:   ff 01 00 41 0f 44 cc 85 c9 75 13 ba ff ff ff ff
0x00007ff92d861294:   32 c0 41 89 93 00 02 00 00 e9 cc 00 00 00 48 8b
0x00007ff92d8612a4:   8e 80 01 00 00 4c 8b c8 44 8b c0 4e 8b 04 c1 8d
0x00007ff92d8612b4:   48 01 81 e1 ff ff 01 00 4d 89 07 45 8b c4 41 0f
0x00007ff92d8612c4:   94 c0 49 c1 e9 20 45 03 c8 49 c1 e1 20 4c 0b c9
0x00007ff92d8612d4:   f0 4c 0f b1 8e 00 01 00 00 0f 94 c0 84 c0 75 05
0x00007ff92d8612e4:   ba ff ff ff ff 41 89 93 00 02 00 00 eb 7c 75 7e
0x00007ff92d8612f4:   48 8b 47 10 8d 4b ff 83 e1 01 4c 8b 14 c8 49 8b
0x00007ff92d861304:   82 00 01 00 00 48 89 04 24 41 8b 8a 80 00 00 00
0x00007ff92d861314:   48 8b 04 24 2b c8 81 e1 ff ff 01 00 81 f9 ff ff
0x00007ff92d861324:   01 00 41 0f 44 cc 85 c9 75 04 32 c0 eb 3c 49 8b
0x00007ff92d861334:   8a 80 01 00 00 4c 8b c0 8b d0 48 8b 14 d1 8d 48
0x00007ff92d861344:   01 81 e1 ff ff 01 00 49 89 17 41 8b d4 0f 94 c2
0x00007ff92d861354:   49 c1 e8 20 44 03 c2 49 c1 e0 20 4c 0b c1 f0 4d
0x00007ff92d861364:   0f b1 82 00 01 00 00 0f 94 c0 84 c0 75 29 8b 4f
0x00007ff92d861374:   08 ff c5 8d 04 09 3b e8 0f 82 80 fd ff ff 32 c0
0x00007ff92d861384:   48 8b 5c 24 48 48 8b 6c 24 50 48 83 c4 10 41 5f
0x00007ff92d861394:   41 5e 41 5c 5f 5e c3 b0 01 eb e5 cc 48 8b 91 90
0x00007ff92d8613a4:   00 00 00 48 8b 81 98 00 00 00 48 89 81 90 00 00
0x00007ff92d8613b4:   00 48 89 91 98 00 00 00 c3 cc cc cc 48 8b 89 48
0x00007ff92d8613c4:   07 00 00 e9 94 6e 51 00 cc cc cc cc 48 89 54 24
0x00007ff92d8613d4:   10 4c 89 44 24 18 4c 89 4c 24 20 53 48 83 ec 20 


Stack slot to memory mapping:
stack at sp + 0 slots: 0x000001fd89518320 points into unknown readable memory: 0x00007ff92de68918 | 18 89 e6 2d f9 7f 00 00
stack at sp + 1 slots: 0x0000000000000008 is an unknown value
stack at sp + 2 slots: 0x0000000000000008 is an unknown value
stack at sp + 3 slots: 0x000001fd89518320 points into unknown readable memory: 0x00007ff92de68918 | 18 89 e6 2d f9 7f 00 00
stack at sp + 4 slots: 0x0000000000000002 is an unknown value
stack at sp + 5 slots: 0x0 is NULL
stack at sp + 6 slots: 0x000000065c070bc4 is pointing into object: java.util.LinkedList$Node 
{0x000000065c070bb0} - klass: 'java/util/LinkedList$Node'
stack at sp + 7 slots: 0x00007ff92d87e7ee jvm.dll


---------------  P R O C E S S  ---------------

Threads class SMR info:
_java_thread_list=0x000001fd89149740, length=15, elements={
0x000001fddb739790, 0x000001fd886d38b0, 0x000001fd886d4770, 0x000001fd886edb10,
0x000001fd886ee510, 0x000001fd89000820, 0x000001fd89001220, 0x000001fd89002e90,
0x000001fd89009630, 0x000001fd89038c30, 0x000001fd891523f0, 0x000001fd89167660,
0x000001fd89168280, 0x000001fd8916cdc0, 0x000001fd8916d3d0
}

Java Threads: ( => current thread )
  0x000001fddb739790 JavaThread "main" [_thread_blocked, id=22372, stack(0x000000e253600000,0x000000e253700000)]
  0x000001fd886d38b0 JavaThread "Reference Handler" daemon [_thread_blocked, id=21888, stack(0x000000e253d00000,0x000000e253e00000)]
  0x000001fd886d4770 JavaThread "Finalizer" daemon [_thread_blocked, id=18800, stack(0x000000e253e00000,0x000000e253f00000)]
  0x000001fd886edb10 JavaThread "Signal Dispatcher" daemon [_thread_blocked, id=19764, stack(0x000000e253f00000,0x000000e254000000)]
  0x000001fd886ee510 JavaThread "Attach Listener" daemon [_thread_blocked, id=10540, stack(0x000000e254000000,0x000000e254100000)]
  0x000001fd89000820 JavaThread "Service Thread" daemon [_thread_blocked, id=11828, stack(0x000000e254100000,0x000000e254200000)]
  0x000001fd89001220 JavaThread "Monitor Deflation Thread" daemon [_thread_blocked, id=19876, stack(0x000000e254200000,0x000000e254300000)]
  0x000001fd89002e90 JavaThread "C2 CompilerThread0" daemon [_thread_blocked, id=25776, stack(0x000000e254300000,0x000000e254400000)]
  0x000001fd89009630 JavaThread "C1 CompilerThread0" daemon [_thread_blocked, id=1484, stack(0x000000e254400000,0x000000e254500000)]
  0x000001fd89038c30 JavaThread "Sweeper thread" daemon [_thread_blocked, id=7860, stack(0x000000e254500000,0x000000e254600000)]
  0x000001fd891523f0 JavaThread "C1 CompilerThread1" daemon [_thread_blocked, id=21348, stack(0x000000e254600000,0x000000e254700000)]
  0x000001fd89167660 JavaThread "Notification Thread" daemon [_thread_blocked, id=23424, stack(0x000000e254700000,0x000000e254800000)]
  0x000001fd89168280 JavaThread "Common-Cleaner" daemon [_thread_blocked, id=28252, stack(0x000000e254900000,0x000000e254a00000)]
  0x000001fd8916cdc0 JavaThread "C2 CompilerThread1" daemon [_thread_blocked, id=5440, stack(0x000000e254a00000,0x000000e254b00000)]
  0x000001fd8916d3d0 JavaThread "C2 CompilerThread2" daemon [_thread_blocked, id=16244, stack(0x000000e254b00000,0x000000e254c00000)]

Other Threads:
  0x000001fd886d04d0 VMThread "VM Thread" [stack: 0x000000e253c00000,0x000000e253d00000] [id=19948]
  0x000001fd89167b80 WatcherThread [stack: 0x000000e254800000,0x000000e254900000] [id=14912]
  0x000001fddb7b0be0 GCTaskThread "GC Thread#0" [stack: 0x000000e253700000,0x000000e253800000] [id=15448]
  0x000001fd891cf430 GCTaskThread "GC Thread#1" [stack: 0x000000e254c00000,0x000000e254d00000] [id=26864]
  0x000001fd891b4c80 GCTaskThread "GC Thread#2" [stack: 0x000000e254d00000,0x000000e254e00000] [id=14660]
  0x000001fd891b4f90 GCTaskThread "GC Thread#3" [stack: 0x000000e254e00000,0x000000e254f00000] [id=14084]
  0x000001fd89234af0 GCTaskThread "GC Thread#4" [stack: 0x000000e254f00000,0x000000e255000000] [id=27732]
  0x000001fd8923ce10 GCTaskThread "GC Thread#5" [stack: 0x000000e255000000,0x000000e255100000] [id=24144]
  0x000001fd8923d120 GCTaskThread "GC Thread#6" [stack: 0x000000e255100000,0x000000e255200000] [id=18168]
  0x000001fd8923d430 GCTaskThread "GC Thread#7" [stack: 0x000000e255200000,0x000000e255300000] [id=4864]
  0x000001fd8923d740 GCTaskThread "GC Thread#8" [stack: 0x000000e255300000,0x000000e255400000] [id=18560]
  0x000001fd8923da50 GCTaskThread "GC Thread#9" [stack: 0x000000e255400000,0x000000e255500000] [id=10684]
  0x000001fd8923fd70 GCTaskThread "GC Thread#10" [stack: 0x000000e255500000,0x000000e255600000] [id=2284]
=>0x000001fd89242090 GCTaskThread "GC Thread#11" [stack: 0x000000e255600000,0x000000e255700000] [id=17716]
  0x000001fd89741c80 GCTaskThread "GC Thread#12" [stack: 0x000000e256200000,0x000000e256300000] [id=24184]
  0x000001fddb7c2400 ConcurrentGCThread "G1 Main Marker" [stack: 0x000000e253800000,0x000000e253900000] [id=24944]
  0x000001fddb7c4280 ConcurrentGCThread "G1 Conc#0" [stack: 0x000000e253900000,0x000000e253a00000] [id=26656]
  0x000001fd885844f0 ConcurrentGCThread "G1 Refine#0" [stack: 0x000000e253a00000,0x000000e253b00000] [id=26868]
  0x000001fd89253fc0 ConcurrentGCThread "G1 Refine#1" [stack: 0x000000e255700000,0x000000e255800000] [id=28648]
  0x000001fd89254ec0 ConcurrentGCThread "G1 Refine#2" [stack: 0x000000e255800000,0x000000e255900000] [id=1276]
  0x000001fd89255610 ConcurrentGCThread "G1 Refine#3" [stack: 0x000000e255900000,0x000000e255a00000] [id=10604]
  0x000001fd8929e2a0 ConcurrentGCThread "G1 Refine#4" [stack: 0x000000e255a00000,0x000000e255b00000] [id=25532]
  0x000001fd8929ec00 ConcurrentGCThread "G1 Refine#5" [stack: 0x000000e255b00000,0x000000e255c00000] [id=10340]
  0x000001fd892a0970 ConcurrentGCThread "G1 Refine#6" [stack: 0x000000e255c00000,0x000000e255d00000] [id=21660]
  0x000001fd892a97f0 ConcurrentGCThread "G1 Refine#7" [stack: 0x000000e255d00000,0x000000e255e00000] [id=14808]
  0x000001fd892aa660 ConcurrentGCThread "G1 Refine#8" [stack: 0x000000e255e00000,0x000000e255f00000] [id=27344]
  0x000001fd89247fe0 ConcurrentGCThread "G1 Refine#9" [stack: 0x000000e255f00000,0x000000e256000000] [id=340]
  0x000001fd89248840 ConcurrentGCThread "G1 Refine#10" [stack: 0x000000e256000000,0x000000e256100000] [id=27888]
  0x000001fd892491a0 ConcurrentGCThread "G1 Refine#11" [stack: 0x000000e256100000,0x000000e256200000] [id=23388]
  0x000001fd88584f70 ConcurrentGCThread "G1 Service" [stack: 0x000000e253b00000,0x000000e253c00000] [id=18808]

Threads with active compile tasks:

VM state: at safepoint (normal execution)

VM Mutex/Monitor currently owned by a thread:  ([mutex/lock_event])
[0x000001fddb735040] Threads_lock - owner thread: 0x000001fd886d04d0
[0x000001fddb736240] Heap_lock - owner thread: 0x000001fddb739790

Heap address: 0x0000000601800000, size: 8168 MB, Compressed Oops mode: Zero based, Oop shift amount: 3

CDS archive(s) mapped at: [0x0000000800000000-0x0000000800bb0000-0x0000000800bb0000), size 12255232, SharedBaseAddress: 0x0000000800000000, ArchiveRelocationMode: 0.
Compressed class space mapped at: 0x0000000800c00000-0x0000000840c00000, reserved size: 1073741824
Narrow klass base: 0x0000000800000000, Narrow klass shift: 3, Narrow klass range: 0x100000000

GC Precious Log:
 CPUs: 16 total, 16 available
 Memory: 32668M
 Large Page Support: Disabled
 NUMA Support: Disabled
 Compressed Oops: Enabled (Zero based)
 Heap Region Size: 4M
 Heap Min Capacity: 8M
 Heap Initial Capacity: 512M
 Heap Max Capacity: 8168M
 Pre-touch: Disabled
 Parallel Workers: 13
 Concurrent Workers: 3
 Concurrent Refinement Workers: 13
 Periodic GC: Disabled

Heap:
 garbage-first heap   total 1572864K, used 382801K [0x0000000601800000, 0x0000000800000000)
  region size 4096K, 19 young (77824K), 3 survivors (12288K)
 Metaspace       used 233K, committed 448K, reserved 1056768K
  class space    used 8K, committed 128K, reserved 1048576K

Heap Regions: E=young(eden), S=young(survivor), O=old, HS=humongous(starts), HC=humongous(continues), CS=collection set, F=free, OA=open archive, CA=closed archive, TAMS=top-at-mark-start (previous, next)
|   0|0x0000000601800000, 0x0000000601c00000, 0x0000000601c00000|100%| O|  |TAMS 0x0000000601800000, 0x0000000601800000| Untracked 
|   1|0x0000000601c00000, 0x0000000602000000, 0x0000000602000000|100%| O|  |TAMS 0x0000000601c00000, 0x0000000601c00000| Untracked 
|   2|0x0000000602000000, 0x0000000602400000, 0x0000000602400000|100%| O|  |TAMS 0x0000000602000000, 0x0000000602000000| Untracked 
|   3|0x0000000602400000, 0x0000000602800000, 0x0000000602800000|100%| O|  |TAMS 0x0000000602400000, 0x0000000602400000| Untracked 
|   4|0x0000000602800000, 0x0000000602c00000, 0x0000000602c00000|100%| O|  |TAMS 0x0000000602800000, 0x0000000602800000| Untracked 
|   5|0x0000000602c00000, 0x0000000603000000, 0x0000000603000000|100%| O|  |TAMS 0x0000000602c00000, 0x0000000602c00000| Untracked 
|   6|0x0000000603000000, 0x0000000603400000, 0x0000000603400000|100%| O|  |TAMS 0x0000000603000000, 0x0000000603000000| Untracked 
|   7|0x0000000603400000, 0x0000000603800000, 0x0000000603800000|100%| O|  |TAMS 0x0000000603400000, 0x0000000603400000| Untracked 
|   8|0x0000000603800000, 0x0000000603c00000, 0x0000000603c00000|100%| O|  |TAMS 0x0000000603800000, 0x0000000603800000| Untracked 
|   9|0x0000000603c00000, 0x0000000604000000, 0x0000000604000000|100%| O|  |TAMS 0x0000000603c00000, 0x0000000603c00000| Untracked 
|  10|0x0000000604000000, 0x0000000604400000, 0x0000000604400000|100%| O|  |TAMS 0x0000000604000000, 0x0000000604000000| Untracked 
|  11|0x0000000604400000, 0x0000000604800000, 0x0000000604800000|100%| O|  |TAMS 0x0000000604400000, 0x0000000604400000| Untracked 
|  12|0x0000000604800000, 0x0000000604c00000, 0x0000000604c00000|100%| O|  |TAMS 0x0000000604800000, 0x0000000604800000| Untracked 
|  13|0x0000000604c00000, 0x0000000605000000, 0x0000000605000000|100%| O|  |TAMS 0x0000000604c00000, 0x0000000604c00000| Untracked 
|  14|0x0000000605000000, 0x0000000605400000, 0x0000000605400000|100%| O|  |TAMS 0x0000000605000000, 0x0000000605000000| Untracked 
|  15|0x0000000605400000, 0x0000000605800000, 0x0000000605800000|100%| O|  |TAMS 0x0000000605400000, 0x0000000605400000| Untracked 
|  16|0x0000000605800000, 0x0000000605c00000, 0x0000000605c00000|100%| O|  |TAMS 0x0000000605800000, 0x0000000605800000| Untracked 
|  17|0x0000000605c00000, 0x0000000606000000, 0x0000000606000000|100%| O|  |TAMS 0x0000000605c00000, 0x0000000605c00000| Untracked 
|  18|0x0000000606000000, 0x0000000606400000, 0x0000000606400000|100%| O|  |TAMS 0x0000000606000000, 0x0000000606000000| Untracked 
|  19|0x0000000606400000, 0x0000000606800000, 0x0000000606800000|100%| O|  |TAMS 0x0000000606400000, 0x0000000606400000| Untracked 
|  20|0x0000000606800000, 0x0000000606c00000, 0x0000000606c00000|100%| O|  |TAMS 0x0000000606800000, 0x0000000606800000| Untracked 
|  21|0x0000000606c00000, 0x0000000607000000, 0x0000000607000000|100%| O|  |TAMS 0x0000000606c00000, 0x0000000606c00000| Untracked 
|  22|0x0000000607000000, 0x0000000607400000, 0x0000000607400000|100%| O|  |TAMS 0x0000000607000000, 0x0000000607000000| Untracked 
|  23|0x0000000607400000, 0x0000000607800000, 0x0000000607800000|100%| O|  |TAMS 0x0000000607400000, 0x0000000607400000| Untracked 
|  24|0x0000000607800000, 0x0000000607c00000, 0x0000000607c00000|100%| O|  |TAMS 0x0000000607800000, 0x0000000607800000| Untracked 
|  25|0x0000000607c00000, 0x0000000608000000, 0x0000000608000000|100%| O|  |TAMS 0x0000000607c00000, 0x0000000607c00000| Untracked 
|  26|0x0000000608000000, 0x0000000608400000, 0x0000000608400000|100%| O|  |TAMS 0x0000000608000000, 0x0000000608000000| Untracked 
|  27|0x0000000608400000, 0x0000000608800000, 0x0000000608800000|100%| O|  |TAMS 0x0000000608400000, 0x0000000608400000| Untracked 
|  28|0x0000000608800000, 0x0000000608c00000, 0x0000000608c00000|100%| O|  |TAMS 0x0000000608800000, 0x0000000608800000| Untracked 
|  29|0x0000000608c00000, 0x0000000609000000, 0x0000000609000000|100%| O|  |TAMS 0x0000000608c00000, 0x0000000608c00000| Untracked 
|  30|0x0000000609000000, 0x0000000609400000, 0x0000000609400000|100%| O|  |TAMS 0x0000000609000000, 0x0000000609000000| Untracked 
|  31|0x0000000609400000, 0x0000000609800000, 0x0000000609800000|100%| O|  |TAMS 0x0000000609400000, 0x0000000609400000| Untracked 
|  32|0x0000000609800000, 0x0000000609c00000, 0x0000000609c00000|100%| O|  |TAMS 0x0000000609800000, 0x0000000609800000| Untracked 
|  33|0x0000000609c00000, 0x000000060a000000, 0x000000060a000000|100%| O|  |TAMS 0x0000000609c00000, 0x0000000609c00000| Untracked 
|  34|0x000000060a000000, 0x000000060a400000, 0x000000060a400000|100%| O|  |TAMS 0x000000060a000000, 0x000000060a000000| Untracked 
|  35|0x000000060a400000, 0x000000060a800000, 0x000000060a800000|100%| O|  |TAMS 0x000000060a400000, 0x000000060a400000| Untracked 
|  36|0x000000060a800000, 0x000000060ac00000, 0x000000060ac00000|100%| O|  |TAMS 0x000000060a800000, 0x000000060a800000| Untracked 
|  37|0x000000060ac00000, 0x000000060b000000, 0x000000060b000000|100%| O|  |TAMS 0x000000060ac00000, 0x000000060ac00000| Untracked 
|  38|0x000000060b000000, 0x000000060b400000, 0x000000060b400000|100%| O|  |TAMS 0x000000060b000000, 0x000000060b000000| Untracked 
|  39|0x000000060b400000, 0x000000060b800000, 0x000000060b800000|100%| O|  |TAMS 0x000000060b400000, 0x000000060b400000| Untracked 
|  40|0x000000060b800000, 0x000000060bc00000, 0x000000060bc00000|100%| O|  |TAMS 0x000000060b800000, 0x000000060b800000| Untracked 
|  41|0x000000060bc00000, 0x000000060c000000, 0x000000060c000000|100%| O|  |TAMS 0x000000060bc00000, 0x000000060bc00000| Untracked 
|  42|0x000000060c000000, 0x000000060c400000, 0x000000060c400000|100%| O|  |TAMS 0x000000060c000000, 0x000000060c000000| Untracked 
|  43|0x000000060c400000, 0x000000060c800000, 0x000000060c800000|100%| O|  |TAMS 0x000000060c400000, 0x000000060c400000| Untracked 
|  44|0x000000060c800000, 0x000000060cc00000, 0x000000060cc00000|100%| O|  |TAMS 0x000000060c800000, 0x000000060c800000| Untracked 
|  45|0x000000060cc00000, 0x000000060d000000, 0x000000060d000000|100%| O|  |TAMS 0x000000060cc00000, 0x000000060cc00000| Untracked 
|  46|0x000000060d000000, 0x000000060d400000, 0x000000060d400000|100%| O|  |TAMS 0x000000060d000000, 0x000000060d000000| Untracked 
|  47|0x000000060d400000, 0x000000060d800000, 0x000000060d800000|100%| O|  |TAMS 0x000000060d400000, 0x000000060d400000| Untracked 
|  48|0x000000060d800000, 0x000000060dc00000, 0x000000060dc00000|100%| O|  |TAMS 0x000000060d800000, 0x000000060d800000| Untracked 
|  49|0x000000060dc00000, 0x000000060e000000, 0x000000060e000000|100%| O|  |TAMS 0x000000060dc00000, 0x000000060dc00000| Untracked 
|  50|0x000000060e000000, 0x000000060e400000, 0x000000060e400000|100%| O|  |TAMS 0x000000060e000000, 0x000000060e000000| Untracked 
|  51|0x000000060e400000, 0x000000060e800000, 0x000000060e800000|100%| O|  |TAMS 0x000000060e400000, 0x000000060e400000| Untracked 
|  52|0x000000060e800000, 0x000000060ec00000, 0x000000060ec00000|100%| O|  |TAMS 0x000000060e800000, 0x000000060e800000| Untracked 
|  53|0x000000060ec00000, 0x000000060f000000, 0x000000060f000000|100%| O|  |TAMS 0x000000060ec00000, 0x000000060ec00000| Untracked 
|  54|0x000000060f000000, 0x000000060f400000, 0x000000060f400000|100%| O|  |TAMS 0x000000060f000000, 0x000000060f000000| Untracked 
|  55|0x000000060f400000, 0x000000060f800000, 0x000000060f800000|100%| O|  |TAMS 0x000000060f400000, 0x000000060f400000| Untracked 
|  56|0x000000060f800000, 0x000000060fc00000, 0x000000060fc00000|100%| O|  |TAMS 0x000000060f800000, 0x000000060f800000| Untracked 
|  57|0x000000060fc00000, 0x0000000610000000, 0x0000000610000000|100%| O|  |TAMS 0x000000060fc00000, 0x000000060fc00000| Untracked 
|  58|0x0000000610000000, 0x0000000610400000, 0x0000000610400000|100%| O|  |TAMS 0x0000000610000000, 0x0000000610000000| Untracked 
|  59|0x0000000610400000, 0x0000000610800000, 0x0000000610800000|100%| O|  |TAMS 0x0000000610400000, 0x0000000610400000| Untracked 
|  60|0x0000000610800000, 0x0000000610c00000, 0x0000000610c00000|100%| O|  |TAMS 0x0000000610800000, 0x0000000610800000| Untracked 
|  61|0x0000000610c00000, 0x0000000611000000, 0x0000000611000000|100%| O|  |TAMS 0x0000000610c00000, 0x0000000610c00000| Untracked 
|  62|0x0000000611000000, 0x0000000611400000, 0x0000000611400000|100%| O|  |TAMS 0x0000000611000000, 0x0000000611000000| Untracked 
|  63|0x0000000611400000, 0x0000000611800000, 0x0000000611800000|100%| O|  |TAMS 0x0000000611400000, 0x0000000611400000| Untracked 
|  64|0x0000000611800000, 0x0000000611c00000, 0x0000000611c00000|100%| O|  |TAMS 0x0000000611800000, 0x0000000611800000| Untracked 
|  65|0x0000000611c00000, 0x0000000612000000, 0x0000000612000000|100%| O|  |TAMS 0x0000000611c00000, 0x0000000611c00000| Untracked 
|  66|0x0000000612000000, 0x0000000612400000, 0x0000000612400000|100%| O|  |TAMS 0x0000000612000000, 0x0000000612000000| Untracked 
|  67|0x0000000612400000, 0x0000000612800000, 0x0000000612800000|100%| O|  |TAMS 0x0000000612400000, 0x0000000612400000| Untracked 
|  68|0x0000000612800000, 0x0000000612c00000, 0x0000000612c00000|100%| O|  |TAMS 0x0000000612800000, 0x0000000612800000| Untracked 
|  69|0x0000000612c00000, 0x0000000613000000, 0x0000000613000000|100%| O|  |TAMS 0x0000000612c00000, 0x0000000612c00000| Untracked 
|  70|0x0000000613000000, 0x0000000613400000, 0x0000000613400000|100%| O|  |TAMS 0x0000000613000000, 0x0000000613000000| Untracked 
|  71|0x0000000613400000, 0x0000000613800000, 0x0000000613800000|100%| O|  |TAMS 0x0000000613400000, 0x0000000613400000| Untracked 
|  72|0x0000000613800000, 0x0000000613c00000, 0x0000000613c00000|100%| O|  |TAMS 0x0000000613800000, 0x0000000613800000| Untracked 
|  73|0x0000000613c00000, 0x0000000614000000, 0x0000000614000000|100%| O|  |TAMS 0x0000000613c00000, 0x0000000613c00000| Untracked 
|  74|0x0000000614000000, 0x0000000614400000, 0x0000000614400000|100%| O|  |TAMS 0x0000000614000000, 0x0000000614000000| Untracked 
|  75|0x0000000614400000, 0x0000000614800000, 0x0000000614800000|100%| O|  |TAMS 0x0000000614400000, 0x0000000614400000| Untracked 
|  76|0x0000000614800000, 0x0000000614c00000, 0x0000000614c00000|100%| O|  |TAMS 0x0000000614800000, 0x0000000614800000| Untracked 
|  77|0x0000000614c00000, 0x0000000615000000, 0x0000000615000000|100%| O|  |TAMS 0x0000000614c00000, 0x0000000614c00000| Untracked 
|  78|0x0000000615000000, 0x0000000615400000, 0x0000000615400000|100%| O|  |TAMS 0x0000000615000000, 0x0000000615000000| Untracked 
|  79|0x0000000615400000, 0x0000000615800000, 0x0000000615800000|100%| O|  |TAMS 0x0000000615400000, 0x0000000615400000| Untracked 
|  80|0x0000000615800000, 0x0000000615ad4998, 0x0000000615c00000| 70%| O|  |TAMS 0x0000000615800000, 0x0000000615800000| Untracked 
|  81|0x0000000615c00000, 0x0000000615c00000, 0x0000000616000000|  0%| F|  |TAMS 0x0000000615c00000, 0x0000000615c00000| Untracked 
|  82|0x0000000616000000, 0x0000000616000000, 0x0000000616400000|  0%| F|  |TAMS 0x0000000616000000, 0x0000000616000000| Untracked 
|  83|0x0000000616400000, 0x0000000616400000, 0x0000000616800000|  0%| F|  |TAMS 0x0000000616400000, 0x0000000616400000| Untracked 
|  84|0x0000000616800000, 0x0000000616800000, 0x0000000616c00000|  0%| F|  |TAMS 0x0000000616800000, 0x0000000616800000| Untracked 
|  85|0x0000000616c00000, 0x0000000616c00000, 0x0000000617000000|  0%| F|  |TAMS 0x0000000616c00000, 0x0000000616c00000| Untracked 
|  86|0x0000000617000000, 0x0000000617000000, 0x0000000617400000|  0%| F|  |TAMS 0x0000000617000000, 0x0000000617000000| Untracked 
|  87|0x0000000617400000, 0x0000000617400000, 0x0000000617800000|  0%| F|  |TAMS 0x0000000617400000, 0x0000000617400000| Untracked 
|  88|0x0000000617800000, 0x0000000617800000, 0x0000000617c00000|  0%| F|  |TAMS 0x0000000617800000, 0x0000000617800000| Untracked 
|  89|0x0000000617c00000, 0x0000000617c00000, 0x0000000618000000|  0%| F|  |TAMS 0x0000000617c00000, 0x0000000617c00000| Untracked 
|  90|0x0000000618000000, 0x0000000618000000, 0x0000000618400000|  0%| F|  |TAMS 0x0000000618000000, 0x0000000618000000| Untracked 
|  91|0x0000000618400000, 0x0000000618400000, 0x0000000618800000|  0%| F|  |TAMS 0x0000000618400000, 0x0000000618400000| Untracked 
|  92|0x0000000618800000, 0x0000000618800000, 0x0000000618c00000|  0%| F|  |TAMS 0x0000000618800000, 0x0000000618800000| Untracked 
|  93|0x0000000618c00000, 0x0000000618c00000, 0x0000000619000000|  0%| F|  |TAMS 0x0000000618c00000, 0x0000000618c00000| Untracked 
|  94|0x0000000619000000, 0x0000000619000000, 0x0000000619400000|  0%| F|  |TAMS 0x0000000619000000, 0x0000000619000000| Untracked 
|  95|0x0000000619400000, 0x0000000619400000, 0x0000000619800000|  0%| F|  |TAMS 0x0000000619400000, 0x0000000619400000| Untracked 
|  96|0x0000000619800000, 0x0000000619800000, 0x0000000619c00000|  0%| F|  |TAMS 0x0000000619800000, 0x0000000619800000| Untracked 
|  97|0x0000000619c00000, 0x0000000619c00000, 0x000000061a000000|  0%| F|  |TAMS 0x0000000619c00000, 0x0000000619c00000| Untracked 
|  98|0x000000061a000000, 0x000000061a000000, 0x000000061a400000|  0%| F|  |TAMS 0x000000061a000000, 0x000000061a000000| Untracked 
|  99|0x000000061a400000, 0x000000061a400000, 0x000000061a800000|  0%| F|  |TAMS 0x000000061a400000, 0x000000061a400000| Untracked 
| 100|0x000000061a800000, 0x000000061a800000, 0x000000061ac00000|  0%| F|  |TAMS 0x000000061a800000, 0x000000061a800000| Untracked 
| 101|0x000000061ac00000, 0x000000061ac00000, 0x000000061b000000|  0%| F|  |TAMS 0x000000061ac00000, 0x000000061ac00000| Untracked 
| 102|0x000000061b000000, 0x000000061b000000, 0x000000061b400000|  0%| F|  |TAMS 0x000000061b000000, 0x000000061b000000| Untracked 
| 103|0x000000061b400000, 0x000000061b400000, 0x000000061b800000|  0%| F|  |TAMS 0x000000061b400000, 0x000000061b400000| Untracked 
| 104|0x000000061b800000, 0x000000061b800000, 0x000000061bc00000|  0%| F|  |TAMS 0x000000061b800000, 0x000000061b800000| Untracked 
| 105|0x000000061bc00000, 0x000000061bc00000, 0x000000061c000000|  0%| F|  |TAMS 0x000000061bc00000, 0x000000061bc00000| Untracked 
| 106|0x000000061c000000, 0x000000061c000000, 0x000000061c400000|  0%| F|  |TAMS 0x000000061c000000, 0x000000061c000000| Untracked 
| 107|0x000000061c400000, 0x000000061c400000, 0x000000061c800000|  0%| F|  |TAMS 0x000000061c400000, 0x000000061c400000| Untracked 
| 108|0x000000061c800000, 0x000000061c800000, 0x000000061cc00000|  0%| F|  |TAMS 0x000000061c800000, 0x000000061c800000| Untracked 
| 109|0x000000061cc00000, 0x000000061cc00000, 0x000000061d000000|  0%| F|  |TAMS 0x000000061cc00000, 0x000000061cc00000| Untracked 
| 110|0x000000061d000000, 0x000000061d000000, 0x000000061d400000|  0%| F|  |TAMS 0x000000061d000000, 0x000000061d000000| Untracked 
| 111|0x000000061d400000, 0x000000061d400000, 0x000000061d800000|  0%| F|  |TAMS 0x000000061d400000, 0x000000061d400000| Untracked 
| 112|0x000000061d800000, 0x000000061d800000, 0x000000061dc00000|  0%| F|  |TAMS 0x000000061d800000, 0x000000061d800000| Untracked 
| 113|0x000000061dc00000, 0x000000061dc00000, 0x000000061e000000|  0%| F|  |TAMS 0x000000061dc00000, 0x000000061dc00000| Untracked 
| 114|0x000000061e000000, 0x000000061e000000, 0x000000061e400000|  0%| F|  |TAMS 0x000000061e000000, 0x000000061e000000| Untracked 
| 115|0x000000061e400000, 0x000000061e400000, 0x000000061e800000|  0%| F|  |TAMS 0x000000061e400000, 0x000000061e400000| Untracked 
| 116|0x000000061e800000, 0x000000061e800000, 0x000000061ec00000|  0%| F|  |TAMS 0x000000061e800000, 0x000000061e800000| Untracked 
| 117|0x000000061ec00000, 0x000000061ec00000, 0x000000061f000000|  0%| F|  |TAMS 0x000000061ec00000, 0x000000061ec00000| Untracked 
| 118|0x000000061f000000, 0x000000061f000000, 0x000000061f400000|  0%| F|  |TAMS 0x000000061f000000, 0x000000061f000000| Untracked 
| 119|0x000000061f400000, 0x000000061f400000, 0x000000061f800000|  0%| F|  |TAMS 0x000000061f400000, 0x000000061f400000| Untracked 
| 120|0x000000061f800000, 0x000000061f800000, 0x000000061fc00000|  0%| F|  |TAMS 0x000000061f800000, 0x000000061f800000| Untracked 
| 121|0x000000061fc00000, 0x000000061fc00000, 0x0000000620000000|  0%| F|  |TAMS 0x000000061fc00000, 0x000000061fc00000| Untracked 
| 122|0x0000000620000000, 0x0000000620000000, 0x0000000620400000|  0%| F|  |TAMS 0x0000000620000000, 0x0000000620000000| Untracked 
| 123|0x0000000620400000, 0x0000000620400000, 0x0000000620800000|  0%| F|  |TAMS 0x0000000620400000, 0x0000000620400000| Untracked 
| 124|0x0000000620800000, 0x0000000620800000, 0x0000000620c00000|  0%| F|  |TAMS 0x0000000620800000, 0x0000000620800000| Untracked 
| 125|0x0000000620c00000, 0x0000000620c00000, 0x0000000621000000|  0%| F|  |TAMS 0x0000000620c00000, 0x0000000620c00000| Untracked 
| 126|0x0000000621000000, 0x0000000621000000, 0x0000000621400000|  0%| F|  |TAMS 0x0000000621000000, 0x0000000621000000| Untracked 
| 127|0x0000000621400000, 0x0000000621400000, 0x0000000621800000|  0%| F|  |TAMS 0x0000000621400000, 0x0000000621400000| Untracked 
| 128|0x0000000621800000, 0x0000000621800000, 0x0000000621c00000|  0%| F|  |TAMS 0x0000000621800000, 0x0000000621800000| Untracked 
| 129|0x0000000621c00000, 0x0000000621c00000, 0x0000000622000000|  0%| F|  |TAMS 0x0000000621c00000, 0x0000000621c00000| Untracked 
| 130|0x0000000622000000, 0x0000000622000000, 0x0000000622400000|  0%| F|  |TAMS 0x0000000622000000, 0x0000000622000000| Untracked 
| 131|0x0000000622400000, 0x0000000622400000, 0x0000000622800000|  0%| F|  |TAMS 0x0000000622400000, 0x0000000622400000| Untracked 
| 132|0x0000000622800000, 0x0000000622800000, 0x0000000622c00000|  0%| F|  |TAMS 0x0000000622800000, 0x0000000622800000| Untracked 
| 133|0x0000000622c00000, 0x0000000622c00000, 0x0000000623000000|  0%| F|  |TAMS 0x0000000622c00000, 0x0000000622c00000| Untracked 
| 134|0x0000000623000000, 0x0000000623000000, 0x0000000623400000|  0%| F|  |TAMS 0x0000000623000000, 0x0000000623000000| Untracked 
| 135|0x0000000623400000, 0x0000000623400000, 0x0000000623800000|  0%| F|  |TAMS 0x0000000623400000, 0x0000000623400000| Untracked 
| 136|0x0000000623800000, 0x0000000623800000, 0x0000000623c00000|  0%| F|  |TAMS 0x0000000623800000, 0x0000000623800000| Untracked 
| 137|0x0000000623c00000, 0x0000000623c00000, 0x0000000624000000|  0%| F|  |TAMS 0x0000000623c00000, 0x0000000623c00000| Untracked 
| 138|0x0000000624000000, 0x0000000624000000, 0x0000000624400000|  0%| F|  |TAMS 0x0000000624000000, 0x0000000624000000| Untracked 
| 139|0x0000000624400000, 0x0000000624400000, 0x0000000624800000|  0%| F|  |TAMS 0x0000000624400000, 0x0000000624400000| Untracked 
| 140|0x0000000624800000, 0x0000000624800000, 0x0000000624c00000|  0%| F|  |TAMS 0x0000000624800000, 0x0000000624800000| Untracked 
| 141|0x0000000624c00000, 0x0000000624c00000, 0x0000000625000000|  0%| F|  |TAMS 0x0000000624c00000, 0x0000000624c00000| Untracked 
| 142|0x0000000625000000, 0x0000000625000000, 0x0000000625400000|  0%| F|  |TAMS 0x0000000625000000, 0x0000000625000000| Untracked 
| 143|0x0000000625400000, 0x0000000625400000, 0x0000000625800000|  0%| F|  |TAMS 0x0000000625400000, 0x0000000625400000| Untracked 
| 144|0x0000000625800000, 0x0000000625800000, 0x0000000625c00000|  0%| F|  |TAMS 0x0000000625800000, 0x0000000625800000| Untracked 
| 145|0x0000000625c00000, 0x0000000625c00000, 0x0000000626000000|  0%| F|  |TAMS 0x0000000625c00000, 0x0000000625c00000| Untracked 
| 146|0x0000000626000000, 0x0000000626000000, 0x0000000626400000|  0%| F|  |TAMS 0x0000000626000000, 0x0000000626000000| Untracked 
| 147|0x0000000626400000, 0x0000000626400000, 0x0000000626800000|  0%| F|  |TAMS 0x0000000626400000, 0x0000000626400000| Untracked 
| 148|0x0000000626800000, 0x0000000626800000, 0x0000000626c00000|  0%| F|  |TAMS 0x0000000626800000, 0x0000000626800000| Untracked 
| 149|0x0000000626c00000, 0x0000000626c00000, 0x0000000627000000|  0%| F|  |TAMS 0x0000000626c00000, 0x0000000626c00000| Untracked 
| 150|0x0000000627000000, 0x0000000627000000, 0x0000000627400000|  0%| F|  |TAMS 0x0000000627000000, 0x0000000627000000| Untracked 
| 151|0x0000000627400000, 0x0000000627400000, 0x0000000627800000|  0%| F|  |TAMS 0x0000000627400000, 0x0000000627400000| Untracked 
| 152|0x0000000627800000, 0x0000000627800000, 0x0000000627c00000|  0%| F|  |TAMS 0x0000000627800000, 0x0000000627800000| Untracked 
| 153|0x0000000627c00000, 0x0000000627c00000, 0x0000000628000000|  0%| F|  |TAMS 0x0000000627c00000, 0x0000000627c00000| Untracked 
| 154|0x0000000628000000, 0x0000000628000000, 0x0000000628400000|  0%| F|  |TAMS 0x0000000628000000, 0x0000000628000000| Untracked 
| 155|0x0000000628400000, 0x0000000628400000, 0x0000000628800000|  0%| F|  |TAMS 0x0000000628400000, 0x0000000628400000| Untracked 
| 156|0x0000000628800000, 0x0000000628800000, 0x0000000628c00000|  0%| F|  |TAMS 0x0000000628800000, 0x0000000628800000| Untracked 
| 157|0x0000000628c00000, 0x0000000628c00000, 0x0000000629000000|  0%| F|  |TAMS 0x0000000628c00000, 0x0000000628c00000| Untracked 
| 158|0x0000000629000000, 0x0000000629000000, 0x0000000629400000|  0%| F|  |TAMS 0x0000000629000000, 0x0000000629000000| Untracked 
| 159|0x0000000629400000, 0x0000000629400000, 0x0000000629800000|  0%| F|  |TAMS 0x0000000629400000, 0x0000000629400000| Untracked 
| 160|0x0000000629800000, 0x0000000629800000, 0x0000000629c00000|  0%| F|  |TAMS 0x0000000629800000, 0x0000000629800000| Untracked 
| 161|0x0000000629c00000, 0x0000000629c00000, 0x000000062a000000|  0%| F|  |TAMS 0x0000000629c00000, 0x0000000629c00000| Untracked 
| 162|0x000000062a000000, 0x000000062a000000, 0x000000062a400000|  0%| F|  |TAMS 0x000000062a000000, 0x000000062a000000| Untracked 
| 163|0x000000062a400000, 0x000000062a400000, 0x000000062a800000|  0%| F|  |TAMS 0x000000062a400000, 0x000000062a400000| Untracked 
| 164|0x000000062a800000, 0x000000062a800000, 0x000000062ac00000|  0%| F|  |TAMS 0x000000062a800000, 0x000000062a800000| Untracked 
| 165|0x000000062ac00000, 0x000000062ac00000, 0x000000062b000000|  0%| F|  |TAMS 0x000000062ac00000, 0x000000062ac00000| Untracked 
| 166|0x000000062b000000, 0x000000062b000000, 0x000000062b400000|  0%| F|  |TAMS 0x000000062b000000, 0x000000062b000000| Untracked 
| 167|0x000000062b400000, 0x000000062b400000, 0x000000062b800000|  0%| F|  |TAMS 0x000000062b400000, 0x000000062b400000| Untracked 
| 168|0x000000062b800000, 0x000000062b800000, 0x000000062bc00000|  0%| F|  |TAMS 0x000000062b800000, 0x000000062b800000| Untracked 
| 169|0x000000062bc00000, 0x000000062bc00000, 0x000000062c000000|  0%| F|  |TAMS 0x000000062bc00000, 0x000000062bc00000| Untracked 
| 170|0x000000062c000000, 0x000000062c000000, 0x000000062c400000|  0%| F|  |TAMS 0x000000062c000000, 0x000000062c000000| Untracked 
| 171|0x000000062c400000, 0x000000062c400000, 0x000000062c800000|  0%| F|  |TAMS 0x000000062c400000, 0x000000062c400000| Untracked 
| 172|0x000000062c800000, 0x000000062c800000, 0x000000062cc00000|  0%| F|  |TAMS 0x000000062c800000, 0x000000062c800000| Untracked 
| 173|0x000000062cc00000, 0x000000062cc00000, 0x000000062d000000|  0%| F|  |TAMS 0x000000062cc00000, 0x000000062cc00000| Untracked 
| 174|0x000000062d000000, 0x000000062d000000, 0x000000062d400000|  0%| F|  |TAMS 0x000000062d000000, 0x000000062d000000| Untracked 
| 175|0x000000062d400000, 0x000000062d400000, 0x000000062d800000|  0%| F|  |TAMS 0x000000062d400000, 0x000000062d400000| Untracked 
| 176|0x000000062d800000, 0x000000062d800000, 0x000000062dc00000|  0%| F|  |TAMS 0x000000062d800000, 0x000000062d800000| Untracked 
| 177|0x000000062dc00000, 0x000000062dc00000, 0x000000062e000000|  0%| F|  |TAMS 0x000000062dc00000, 0x000000062dc00000| Untracked 
| 178|0x000000062e000000, 0x000000062e000000, 0x000000062e400000|  0%| F|  |TAMS 0x000000062e000000, 0x000000062e000000| Untracked 
| 179|0x000000062e400000, 0x000000062e400000, 0x000000062e800000|  0%| F|  |TAMS 0x000000062e400000, 0x000000062e400000| Untracked 
| 180|0x000000062e800000, 0x000000062e800000, 0x000000062ec00000|  0%| F|  |TAMS 0x000000062e800000, 0x000000062e800000| Untracked 
| 181|0x000000062ec00000, 0x000000062ec00000, 0x000000062f000000|  0%| F|  |TAMS 0x000000062ec00000, 0x000000062ec00000| Untracked 
| 182|0x000000062f000000, 0x000000062f000000, 0x000000062f400000|  0%| F|  |TAMS 0x000000062f000000, 0x000000062f000000| Untracked 
| 183|0x000000062f400000, 0x000000062f400000, 0x000000062f800000|  0%| F|  |TAMS 0x000000062f400000, 0x000000062f400000| Untracked 
| 184|0x000000062f800000, 0x000000062f800000, 0x000000062fc00000|  0%| F|  |TAMS 0x000000062f800000, 0x000000062f800000| Untracked 
| 185|0x000000062fc00000, 0x000000062fc00000, 0x0000000630000000|  0%| F|  |TAMS 0x000000062fc00000, 0x000000062fc00000| Untracked 
| 186|0x0000000630000000, 0x0000000630000000, 0x0000000630400000|  0%| F|  |TAMS 0x0000000630000000, 0x0000000630000000| Untracked 
| 187|0x0000000630400000, 0x0000000630400000, 0x0000000630800000|  0%| F|  |TAMS 0x0000000630400000, 0x0000000630400000| Untracked 
| 188|0x0000000630800000, 0x0000000630800000, 0x0000000630c00000|  0%| F|  |TAMS 0x0000000630800000, 0x0000000630800000| Untracked 
| 189|0x0000000630c00000, 0x0000000630c00000, 0x0000000631000000|  0%| F|  |TAMS 0x0000000630c00000, 0x0000000630c00000| Untracked 
| 190|0x0000000631000000, 0x0000000631000000, 0x0000000631400000|  0%| F|  |TAMS 0x0000000631000000, 0x0000000631000000| Untracked 
| 191|0x0000000631400000, 0x0000000631400000, 0x0000000631800000|  0%| F|  |TAMS 0x0000000631400000, 0x0000000631400000| Untracked 
| 192|0x0000000631800000, 0x0000000631800000, 0x0000000631c00000|  0%| F|  |TAMS 0x0000000631800000, 0x0000000631800000| Untracked 
| 193|0x0000000631c00000, 0x0000000631c00000, 0x0000000632000000|  0%| F|  |TAMS 0x0000000631c00000, 0x0000000631c00000| Untracked 
| 194|0x0000000632000000, 0x0000000632000000, 0x0000000632400000|  0%| F|  |TAMS 0x0000000632000000, 0x0000000632000000| Untracked 
| 195|0x0000000632400000, 0x0000000632400000, 0x0000000632800000|  0%| F|  |TAMS 0x0000000632400000, 0x0000000632400000| Untracked 
| 196|0x0000000632800000, 0x0000000632800000, 0x0000000632c00000|  0%| F|  |TAMS 0x0000000632800000, 0x0000000632800000| Untracked 
| 197|0x0000000632c00000, 0x0000000632c00000, 0x0000000633000000|  0%| F|  |TAMS 0x0000000632c00000, 0x0000000632c00000| Untracked 
| 198|0x0000000633000000, 0x0000000633000000, 0x0000000633400000|  0%| F|  |TAMS 0x0000000633000000, 0x0000000633000000| Untracked 
| 199|0x0000000633400000, 0x0000000633400000, 0x0000000633800000|  0%| F|  |TAMS 0x0000000633400000, 0x0000000633400000| Untracked 
| 200|0x0000000633800000, 0x0000000633800000, 0x0000000633c00000|  0%| F|  |TAMS 0x0000000633800000, 0x0000000633800000| Untracked 
| 201|0x0000000633c00000, 0x0000000633c00000, 0x0000000634000000|  0%| F|  |TAMS 0x0000000633c00000, 0x0000000633c00000| Untracked 
| 202|0x0000000634000000, 0x0000000634000000, 0x0000000634400000|  0%| F|  |TAMS 0x0000000634000000, 0x0000000634000000| Untracked 
| 203|0x0000000634400000, 0x0000000634400000, 0x0000000634800000|  0%| F|  |TAMS 0x0000000634400000, 0x0000000634400000| Untracked 
| 204|0x0000000634800000, 0x0000000634800000, 0x0000000634c00000|  0%| F|  |TAMS 0x0000000634800000, 0x0000000634800000| Untracked 
| 205|0x0000000634c00000, 0x0000000634c00000, 0x0000000635000000|  0%| F|  |TAMS 0x0000000634c00000, 0x0000000634c00000| Untracked 
| 206|0x0000000635000000, 0x0000000635000000, 0x0000000635400000|  0%| F|  |TAMS 0x0000000635000000, 0x0000000635000000| Untracked 
| 207|0x0000000635400000, 0x0000000635400000, 0x0000000635800000|  0%| F|  |TAMS 0x0000000635400000, 0x0000000635400000| Untracked 
| 208|0x0000000635800000, 0x0000000635800000, 0x0000000635c00000|  0%| F|  |TAMS 0x0000000635800000, 0x0000000635800000| Untracked 
| 209|0x0000000635c00000, 0x0000000635c00000, 0x0000000636000000|  0%| F|  |TAMS 0x0000000635c00000, 0x0000000635c00000| Untracked 
| 210|0x0000000636000000, 0x0000000636000000, 0x0000000636400000|  0%| F|  |TAMS 0x0000000636000000, 0x0000000636000000| Untracked 
| 211|0x0000000636400000, 0x0000000636400000, 0x0000000636800000|  0%| F|  |TAMS 0x0000000636400000, 0x0000000636400000| Untracked 
| 212|0x0000000636800000, 0x0000000636800000, 0x0000000636c00000|  0%| F|  |TAMS 0x0000000636800000, 0x0000000636800000| Untracked 
| 213|0x0000000636c00000, 0x0000000636c00000, 0x0000000637000000|  0%| F|  |TAMS 0x0000000636c00000, 0x0000000636c00000| Untracked 
| 214|0x0000000637000000, 0x0000000637000000, 0x0000000637400000|  0%| F|  |TAMS 0x0000000637000000, 0x0000000637000000| Untracked 
| 215|0x0000000637400000, 0x0000000637400000, 0x0000000637800000|  0%| F|  |TAMS 0x0000000637400000, 0x0000000637400000| Untracked 
| 216|0x0000000637800000, 0x0000000637800000, 0x0000000637c00000|  0%| F|  |TAMS 0x0000000637800000, 0x0000000637800000| Untracked 
| 217|0x0000000637c00000, 0x0000000637c00000, 0x0000000638000000|  0%| F|  |TAMS 0x0000000637c00000, 0x0000000637c00000| Untracked 
| 218|0x0000000638000000, 0x0000000638000000, 0x0000000638400000|  0%| F|  |TAMS 0x0000000638000000, 0x0000000638000000| Untracked 
| 219|0x0000000638400000, 0x0000000638400000, 0x0000000638800000|  0%| F|  |TAMS 0x0000000638400000, 0x0000000638400000| Untracked 
| 220|0x0000000638800000, 0x0000000638800000, 0x0000000638c00000|  0%| F|  |TAMS 0x0000000638800000, 0x0000000638800000| Untracked 
| 221|0x0000000638c00000, 0x0000000638c00000, 0x0000000639000000|  0%| F|  |TAMS 0x0000000638c00000, 0x0000000638c00000| Untracked 
| 222|0x0000000639000000, 0x0000000639000000, 0x0000000639400000|  0%| F|  |TAMS 0x0000000639000000, 0x0000000639000000| Untracked 
| 223|0x0000000639400000, 0x0000000639400000, 0x0000000639800000|  0%| F|  |TAMS 0x0000000639400000, 0x0000000639400000| Untracked 
| 224|0x0000000639800000, 0x0000000639800000, 0x0000000639c00000|  0%| F|  |TAMS 0x0000000639800000, 0x0000000639800000| Untracked 
| 225|0x0000000639c00000, 0x0000000639c00000, 0x000000063a000000|  0%| F|  |TAMS 0x0000000639c00000, 0x0000000639c00000| Untracked 
| 226|0x000000063a000000, 0x000000063a000000, 0x000000063a400000|  0%| F|  |TAMS 0x000000063a000000, 0x000000063a000000| Untracked 
| 227|0x000000063a400000, 0x000000063a400000, 0x000000063a800000|  0%| F|  |TAMS 0x000000063a400000, 0x000000063a400000| Untracked 
| 228|0x000000063a800000, 0x000000063a800000, 0x000000063ac00000|  0%| F|  |TAMS 0x000000063a800000, 0x000000063a800000| Untracked 
| 229|0x000000063ac00000, 0x000000063ac00000, 0x000000063b000000|  0%| F|  |TAMS 0x000000063ac00000, 0x000000063ac00000| Untracked 
| 230|0x000000063b000000, 0x000000063b000000, 0x000000063b400000|  0%| F|  |TAMS 0x000000063b000000, 0x000000063b000000| Untracked 
| 231|0x000000063b400000, 0x000000063b400000, 0x000000063b800000|  0%| F|  |TAMS 0x000000063b400000, 0x000000063b400000| Untracked 
| 232|0x000000063b800000, 0x000000063b800000, 0x000000063bc00000|  0%| F|  |TAMS 0x000000063b800000, 0x000000063b800000| Untracked 
| 233|0x000000063bc00000, 0x000000063bc00000, 0x000000063c000000|  0%| F|  |TAMS 0x000000063bc00000, 0x000000063bc00000| Untracked 
| 234|0x000000063c000000, 0x000000063c000000, 0x000000063c400000|  0%| F|  |TAMS 0x000000063c000000, 0x000000063c000000| Untracked 
| 235|0x000000063c400000, 0x000000063c400000, 0x000000063c800000|  0%| F|  |TAMS 0x000000063c400000, 0x000000063c400000| Untracked 
| 236|0x000000063c800000, 0x000000063c800000, 0x000000063cc00000|  0%| F|  |TAMS 0x000000063c800000, 0x000000063c800000| Untracked 
| 237|0x000000063cc00000, 0x000000063cc00000, 0x000000063d000000|  0%| F|  |TAMS 0x000000063cc00000, 0x000000063cc00000| Untracked 
| 238|0x000000063d000000, 0x000000063d000000, 0x000000063d400000|  0%| F|  |TAMS 0x000000063d000000, 0x000000063d000000| Untracked 
| 239|0x000000063d400000, 0x000000063d400000, 0x000000063d800000|  0%| F|  |TAMS 0x000000063d400000, 0x000000063d400000| Untracked 
| 240|0x000000063d800000, 0x000000063d800000, 0x000000063dc00000|  0%| F|  |TAMS 0x000000063d800000, 0x000000063d800000| Untracked 
| 241|0x000000063dc00000, 0x000000063dc00000, 0x000000063e000000|  0%| F|  |TAMS 0x000000063dc00000, 0x000000063dc00000| Untracked 
| 242|0x000000063e000000, 0x000000063e000000, 0x000000063e400000|  0%| F|  |TAMS 0x000000063e000000, 0x000000063e000000| Untracked 
| 243|0x000000063e400000, 0x000000063e400000, 0x000000063e800000|  0%| F|  |TAMS 0x000000063e400000, 0x000000063e400000| Untracked 
| 244|0x000000063e800000, 0x000000063e800000, 0x000000063ec00000|  0%| F|  |TAMS 0x000000063e800000, 0x000000063e800000| Untracked 
| 245|0x000000063ec00000, 0x000000063ec00000, 0x000000063f000000|  0%| F|  |TAMS 0x000000063ec00000, 0x000000063ec00000| Untracked 
| 246|0x000000063f000000, 0x000000063f000000, 0x000000063f400000|  0%| F|  |TAMS 0x000000063f000000, 0x000000063f000000| Untracked 
| 247|0x000000063f400000, 0x000000063f400000, 0x000000063f800000|  0%| F|  |TAMS 0x000000063f400000, 0x000000063f400000| Untracked 
| 248|0x000000063f800000, 0x000000063f800000, 0x000000063fc00000|  0%| F|  |TAMS 0x000000063f800000, 0x000000063f800000| Untracked 
| 249|0x000000063fc00000, 0x000000063fc00000, 0x0000000640000000|  0%| F|  |TAMS 0x000000063fc00000, 0x000000063fc00000| Untracked 
| 250|0x0000000640000000, 0x0000000640000000, 0x0000000640400000|  0%| F|  |TAMS 0x0000000640000000, 0x0000000640000000| Untracked 
| 251|0x0000000640400000, 0x0000000640400000, 0x0000000640800000|  0%| F|  |TAMS 0x0000000640400000, 0x0000000640400000| Untracked 
| 252|0x0000000640800000, 0x0000000640800000, 0x0000000640c00000|  0%| F|  |TAMS 0x0000000640800000, 0x0000000640800000| Untracked 
| 253|0x0000000640c00000, 0x0000000640c00000, 0x0000000641000000|  0%| F|  |TAMS 0x0000000640c00000, 0x0000000640c00000| Untracked 
| 254|0x0000000641000000, 0x0000000641000000, 0x0000000641400000|  0%| F|  |TAMS 0x0000000641000000, 0x0000000641000000| Untracked 
| 255|0x0000000641400000, 0x0000000641400000, 0x0000000641800000|  0%| F|  |TAMS 0x0000000641400000, 0x0000000641400000| Untracked 
| 256|0x0000000641800000, 0x0000000641800000, 0x0000000641c00000|  0%| F|  |TAMS 0x0000000641800000, 0x0000000641800000| Untracked 
| 257|0x0000000641c00000, 0x0000000641c00000, 0x0000000642000000|  0%| F|  |TAMS 0x0000000641c00000, 0x0000000641c00000| Untracked 
| 258|0x0000000642000000, 0x0000000642000000, 0x0000000642400000|  0%| F|  |TAMS 0x0000000642000000, 0x0000000642000000| Untracked 
| 259|0x0000000642400000, 0x0000000642400000, 0x0000000642800000|  0%| F|  |TAMS 0x0000000642400000, 0x0000000642400000| Untracked 
| 260|0x0000000642800000, 0x0000000642800000, 0x0000000642c00000|  0%| F|  |TAMS 0x0000000642800000, 0x0000000642800000| Untracked 
| 261|0x0000000642c00000, 0x0000000642c00000, 0x0000000643000000|  0%| F|  |TAMS 0x0000000642c00000, 0x0000000642c00000| Untracked 
| 262|0x0000000643000000, 0x0000000643000000, 0x0000000643400000|  0%| F|  |TAMS 0x0000000643000000, 0x0000000643000000| Untracked 
| 263|0x0000000643400000, 0x0000000643400000, 0x0000000643800000|  0%| F|  |TAMS 0x0000000643400000, 0x0000000643400000| Untracked 
| 264|0x0000000643800000, 0x0000000643800000, 0x0000000643c00000|  0%| F|  |TAMS 0x0000000643800000, 0x0000000643800000| Untracked 
| 265|0x0000000643c00000, 0x0000000643c00000, 0x0000000644000000|  0%| F|  |TAMS 0x0000000643c00000, 0x0000000643c00000| Untracked 
| 266|0x0000000644000000, 0x0000000644000000, 0x0000000644400000|  0%| F|  |TAMS 0x0000000644000000, 0x0000000644000000| Untracked 
| 267|0x0000000644400000, 0x0000000644400000, 0x0000000644800000|  0%| F|  |TAMS 0x0000000644400000, 0x0000000644400000| Untracked 
| 268|0x0000000644800000, 0x0000000644800000, 0x0000000644c00000|  0%| F|  |TAMS 0x0000000644800000, 0x0000000644800000| Untracked 
| 269|0x0000000644c00000, 0x0000000644c00000, 0x0000000645000000|  0%| F|  |TAMS 0x0000000644c00000, 0x0000000644c00000| Untracked 
| 270|0x0000000645000000, 0x0000000645000000, 0x0000000645400000|  0%| F|  |TAMS 0x0000000645000000, 0x0000000645000000| Untracked 
| 271|0x0000000645400000, 0x0000000645400000, 0x0000000645800000|  0%| F|  |TAMS 0x0000000645400000, 0x0000000645400000| Untracked 
| 272|0x0000000645800000, 0x0000000645800000, 0x0000000645c00000|  0%| F|  |TAMS 0x0000000645800000, 0x0000000645800000| Untracked 
| 273|0x0000000645c00000, 0x0000000645c00000, 0x0000000646000000|  0%| F|  |TAMS 0x0000000645c00000, 0x0000000645c00000| Untracked 
| 274|0x0000000646000000, 0x0000000646000000, 0x0000000646400000|  0%| F|  |TAMS 0x0000000646000000, 0x0000000646000000| Untracked 
| 275|0x0000000646400000, 0x0000000646400000, 0x0000000646800000|  0%| F|  |TAMS 0x0000000646400000, 0x0000000646400000| Untracked 
| 276|0x0000000646800000, 0x0000000646800000, 0x0000000646c00000|  0%| F|  |TAMS 0x0000000646800000, 0x0000000646800000| Untracked 
| 277|0x0000000646c00000, 0x0000000646c00000, 0x0000000647000000|  0%| F|  |TAMS 0x0000000646c00000, 0x0000000646c00000| Untracked 
| 278|0x0000000647000000, 0x0000000647000000, 0x0000000647400000|  0%| F|  |TAMS 0x0000000647000000, 0x0000000647000000| Untracked 
| 279|0x0000000647400000, 0x0000000647400000, 0x0000000647800000|  0%| F|  |TAMS 0x0000000647400000, 0x0000000647400000| Untracked 
| 280|0x0000000647800000, 0x0000000647800000, 0x0000000647c00000|  0%| F|  |TAMS 0x0000000647800000, 0x0000000647800000| Untracked 
| 281|0x0000000647c00000, 0x0000000647c00000, 0x0000000648000000|  0%| F|  |TAMS 0x0000000647c00000, 0x0000000647c00000| Untracked 
| 282|0x0000000648000000, 0x0000000648000000, 0x0000000648400000|  0%| F|  |TAMS 0x0000000648000000, 0x0000000648000000| Untracked 
| 283|0x0000000648400000, 0x0000000648400000, 0x0000000648800000|  0%| F|  |TAMS 0x0000000648400000, 0x0000000648400000| Untracked 
| 284|0x0000000648800000, 0x0000000648800000, 0x0000000648c00000|  0%| F|  |TAMS 0x0000000648800000, 0x0000000648800000| Untracked 
| 285|0x0000000648c00000, 0x0000000648c00000, 0x0000000649000000|  0%| F|  |TAMS 0x0000000648c00000, 0x0000000648c00000| Untracked 
| 286|0x0000000649000000, 0x0000000649000000, 0x0000000649400000|  0%| F|  |TAMS 0x0000000649000000, 0x0000000649000000| Untracked 
| 287|0x0000000649400000, 0x0000000649400000, 0x0000000649800000|  0%| F|  |TAMS 0x0000000649400000, 0x0000000649400000| Untracked 
| 288|0x0000000649800000, 0x0000000649800000, 0x0000000649c00000|  0%| F|  |TAMS 0x0000000649800000, 0x0000000649800000| Untracked 
| 289|0x0000000649c00000, 0x0000000649c00000, 0x000000064a000000|  0%| F|  |TAMS 0x0000000649c00000, 0x0000000649c00000| Untracked 
| 290|0x000000064a000000, 0x000000064a000000, 0x000000064a400000|  0%| F|  |TAMS 0x000000064a000000, 0x000000064a000000| Untracked 
| 291|0x000000064a400000, 0x000000064a400000, 0x000000064a800000|  0%| F|  |TAMS 0x000000064a400000, 0x000000064a400000| Untracked 
| 292|0x000000064a800000, 0x000000064a800000, 0x000000064ac00000|  0%| F|  |TAMS 0x000000064a800000, 0x000000064a800000| Untracked 
| 293|0x000000064ac00000, 0x000000064ac00000, 0x000000064b000000|  0%| F|  |TAMS 0x000000064ac00000, 0x000000064ac00000| Untracked 
| 294|0x000000064b000000, 0x000000064b000000, 0x000000064b400000|  0%| F|  |TAMS 0x000000064b000000, 0x000000064b000000| Untracked 
| 295|0x000000064b400000, 0x000000064b400000, 0x000000064b800000|  0%| F|  |TAMS 0x000000064b400000, 0x000000064b400000| Untracked 
| 296|0x000000064b800000, 0x000000064b800000, 0x000000064bc00000|  0%| F|  |TAMS 0x000000064b800000, 0x000000064b800000| Untracked 
| 297|0x000000064bc00000, 0x000000064bc00000, 0x000000064c000000|  0%| F|  |TAMS 0x000000064bc00000, 0x000000064bc00000| Untracked 
| 298|0x000000064c000000, 0x000000064c000000, 0x000000064c400000|  0%| F|  |TAMS 0x000000064c000000, 0x000000064c000000| Untracked 
| 299|0x000000064c400000, 0x000000064c400000, 0x000000064c800000|  0%| F|  |TAMS 0x000000064c400000, 0x000000064c400000| Untracked 
| 300|0x000000064c800000, 0x000000064c800000, 0x000000064cc00000|  0%| F|  |TAMS 0x000000064c800000, 0x000000064c800000| Untracked 
| 301|0x000000064cc00000, 0x000000064cc00000, 0x000000064d000000|  0%| F|  |TAMS 0x000000064cc00000, 0x000000064cc00000| Untracked 
| 302|0x000000064d000000, 0x000000064d000000, 0x000000064d400000|  0%| F|  |TAMS 0x000000064d000000, 0x000000064d000000| Untracked 
| 303|0x000000064d400000, 0x000000064d400000, 0x000000064d800000|  0%| F|  |TAMS 0x000000064d400000, 0x000000064d400000| Untracked 
| 304|0x000000064d800000, 0x000000064d800000, 0x000000064dc00000|  0%| F|  |TAMS 0x000000064d800000, 0x000000064d800000| Untracked 
| 305|0x000000064dc00000, 0x000000064dc00000, 0x000000064e000000|  0%| F|  |TAMS 0x000000064dc00000, 0x000000064dc00000| Untracked 
| 306|0x000000064e000000, 0x000000064e000000, 0x000000064e400000|  0%| F|  |TAMS 0x000000064e000000, 0x000000064e000000| Untracked 
| 307|0x000000064e400000, 0x000000064e400000, 0x000000064e800000|  0%| F|  |TAMS 0x000000064e400000, 0x000000064e400000| Untracked 
| 308|0x000000064e800000, 0x000000064e800000, 0x000000064ec00000|  0%| F|  |TAMS 0x000000064e800000, 0x000000064e800000| Untracked 
| 309|0x000000064ec00000, 0x000000064ec00000, 0x000000064f000000|  0%| F|  |TAMS 0x000000064ec00000, 0x000000064ec00000| Untracked 
| 310|0x000000064f000000, 0x000000064f000000, 0x000000064f400000|  0%| F|  |TAMS 0x000000064f000000, 0x000000064f000000| Untracked 
| 311|0x000000064f400000, 0x000000064f400000, 0x000000064f800000|  0%| F|  |TAMS 0x000000064f400000, 0x000000064f400000| Untracked 
| 312|0x000000064f800000, 0x000000064f800000, 0x000000064fc00000|  0%| F|  |TAMS 0x000000064f800000, 0x000000064f800000| Untracked 
| 313|0x000000064fc00000, 0x000000064fc00000, 0x0000000650000000|  0%| F|  |TAMS 0x000000064fc00000, 0x000000064fc00000| Untracked 
| 314|0x0000000650000000, 0x0000000650000000, 0x0000000650400000|  0%| F|  |TAMS 0x0000000650000000, 0x0000000650000000| Untracked 
| 315|0x0000000650400000, 0x0000000650400000, 0x0000000650800000|  0%| F|  |TAMS 0x0000000650400000, 0x0000000650400000| Untracked 
| 316|0x0000000650800000, 0x0000000650800000, 0x0000000650c00000|  0%| F|  |TAMS 0x0000000650800000, 0x0000000650800000| Untracked 
| 317|0x0000000650c00000, 0x0000000650c00000, 0x0000000651000000|  0%| F|  |TAMS 0x0000000650c00000, 0x0000000650c00000| Untracked 
| 318|0x0000000651000000, 0x0000000651000000, 0x0000000651400000|  0%| F|  |TAMS 0x0000000651000000, 0x0000000651000000| Untracked 
| 319|0x0000000651400000, 0x0000000651400000, 0x0000000651800000|  0%| F|  |TAMS 0x0000000651400000, 0x0000000651400000| Untracked 
| 320|0x0000000651800000, 0x0000000651800000, 0x0000000651c00000|  0%| F|  |TAMS 0x0000000651800000, 0x0000000651800000| Untracked 
| 321|0x0000000651c00000, 0x0000000651c00000, 0x0000000652000000|  0%| F|  |TAMS 0x0000000651c00000, 0x0000000651c00000| Untracked 
| 322|0x0000000652000000, 0x0000000652000000, 0x0000000652400000|  0%| F|  |TAMS 0x0000000652000000, 0x0000000652000000| Untracked 
| 323|0x0000000652400000, 0x0000000652400000, 0x0000000652800000|  0%| F|  |TAMS 0x0000000652400000, 0x0000000652400000| Untracked 
| 324|0x0000000652800000, 0x0000000652800000, 0x0000000652c00000|  0%| F|  |TAMS 0x0000000652800000, 0x0000000652800000| Untracked 
| 325|0x0000000652c00000, 0x0000000652c00000, 0x0000000653000000|  0%| F|  |TAMS 0x0000000652c00000, 0x0000000652c00000| Untracked 
| 326|0x0000000653000000, 0x0000000653000000, 0x0000000653400000|  0%| F|  |TAMS 0x0000000653000000, 0x0000000653000000| Untracked 
| 327|0x0000000653400000, 0x0000000653400000, 0x0000000653800000|  0%| F|  |TAMS 0x0000000653400000, 0x0000000653400000| Untracked 
| 328|0x0000000653800000, 0x0000000653800000, 0x0000000653c00000|  0%| F|  |TAMS 0x0000000653800000, 0x0000000653800000| Untracked 
| 329|0x0000000653c00000, 0x0000000653c00000, 0x0000000654000000|  0%| F|  |TAMS 0x0000000653c00000, 0x0000000653c00000| Untracked 
| 330|0x0000000654000000, 0x0000000654000000, 0x0000000654400000|  0%| F|  |TAMS 0x0000000654000000, 0x0000000654000000| Untracked 
| 331|0x0000000654400000, 0x0000000654400000, 0x0000000654800000|  0%| F|  |TAMS 0x0000000654400000, 0x0000000654400000| Untracked 
| 332|0x0000000654800000, 0x0000000654800000, 0x0000000654c00000|  0%| F|  |TAMS 0x0000000654800000, 0x0000000654800000| Untracked 
| 333|0x0000000654c00000, 0x0000000654c00000, 0x0000000655000000|  0%| F|  |TAMS 0x0000000654c00000, 0x0000000654c00000| Untracked 
| 334|0x0000000655000000, 0x0000000655000000, 0x0000000655400000|  0%| F|  |TAMS 0x0000000655000000, 0x0000000655000000| Untracked 
| 335|0x0000000655400000, 0x0000000655400000, 0x0000000655800000|  0%| F|  |TAMS 0x0000000655400000, 0x0000000655400000| Untracked 
| 336|0x0000000655800000, 0x0000000655800000, 0x0000000655c00000|  0%| F|  |TAMS 0x0000000655800000, 0x0000000655800000| Untracked 
| 337|0x0000000655c00000, 0x0000000655c00000, 0x0000000656000000|  0%| F|  |TAMS 0x0000000655c00000, 0x0000000655c00000| Untracked 
| 338|0x0000000656000000, 0x0000000656000000, 0x0000000656400000|  0%| F|  |TAMS 0x0000000656000000, 0x0000000656000000| Untracked 
| 339|0x0000000656400000, 0x0000000656400000, 0x0000000656800000|  0%| F|  |TAMS 0x0000000656400000, 0x0000000656400000| Untracked 
| 340|0x0000000656800000, 0x0000000656800000, 0x0000000656c00000|  0%| F|  |TAMS 0x0000000656800000, 0x0000000656800000| Untracked 
| 341|0x0000000656c00000, 0x0000000656c00000, 0x0000000657000000|  0%| F|  |TAMS 0x0000000656c00000, 0x0000000656c00000| Untracked 
| 342|0x0000000657000000, 0x0000000657000000, 0x0000000657400000|  0%| F|  |TAMS 0x0000000657000000, 0x0000000657000000| Untracked 
| 343|0x0000000657400000, 0x0000000657400000, 0x0000000657800000|  0%| F|  |TAMS 0x0000000657400000, 0x0000000657400000| Untracked 
| 344|0x0000000657800000, 0x0000000657800000, 0x0000000657c00000|  0%| F|  |TAMS 0x0000000657800000, 0x0000000657800000| Untracked 
| 345|0x0000000657c00000, 0x0000000657c00000, 0x0000000658000000|  0%| F|  |TAMS 0x0000000657c00000, 0x0000000657c00000| Untracked 
| 346|0x0000000658000000, 0x0000000658000000, 0x0000000658400000|  0%| F|  |TAMS 0x0000000658000000, 0x0000000658000000| Untracked 
| 347|0x0000000658400000, 0x0000000658400000, 0x0000000658800000|  0%| F|  |TAMS 0x0000000658400000, 0x0000000658400000| Untracked 
| 348|0x0000000658800000, 0x0000000658800000, 0x0000000658c00000|  0%| F|  |TAMS 0x0000000658800000, 0x0000000658800000| Untracked 
| 349|0x0000000658c00000, 0x0000000658c00000, 0x0000000659000000|  0%| F|  |TAMS 0x0000000658c00000, 0x0000000658c00000| Untracked 
| 350|0x0000000659000000, 0x0000000659000000, 0x0000000659400000|  0%| F|  |TAMS 0x0000000659000000, 0x0000000659000000| Untracked 
| 351|0x0000000659400000, 0x0000000659400000, 0x0000000659800000|  0%| F|  |TAMS 0x0000000659400000, 0x0000000659400000| Untracked 
| 352|0x0000000659800000, 0x0000000659800000, 0x0000000659c00000|  0%| F|  |TAMS 0x0000000659800000, 0x0000000659800000| Untracked 
| 353|0x0000000659c00000, 0x0000000659c00000, 0x000000065a000000|  0%| F|  |TAMS 0x0000000659c00000, 0x0000000659c00000| Untracked 
| 354|0x000000065a000000, 0x000000065a000000, 0x000000065a400000|  0%| F|  |TAMS 0x000000065a000000, 0x000000065a000000| Untracked 
| 355|0x000000065a400000, 0x000000065a400000, 0x000000065a800000|  0%| F|  |TAMS 0x000000065a400000, 0x000000065a400000| Untracked 
| 356|0x000000065a800000, 0x000000065a800000, 0x000000065ac00000|  0%| F|  |TAMS 0x000000065a800000, 0x000000065a800000| Untracked 
| 357|0x000000065ac00000, 0x000000065ac00000, 0x000000065b000000|  0%| F|  |TAMS 0x000000065ac00000, 0x000000065ac00000| Untracked 
| 358|0x000000065b000000, 0x000000065b000000, 0x000000065b400000|  0%| F|  |TAMS 0x000000065b000000, 0x000000065b000000| Untracked 
| 359|0x000000065b400000, 0x000000065b400000, 0x000000065b800000|  0%| F|  |TAMS 0x000000065b400000, 0x000000065b400000| Untracked 
| 360|0x000000065b800000, 0x000000065b800000, 0x000000065bc00000|  0%| F|  |TAMS 0x000000065b800000, 0x000000065b800000| Untracked 
| 361|0x000000065bc00000, 0x000000065bc00000, 0x000000065c000000|  0%| F|  |TAMS 0x000000065bc00000, 0x000000065bc00000| Untracked 
| 362|0x000000065c000000, 0x000000065c400000, 0x000000065c400000|100%| S|  |TAMS 0x000000065c000000, 0x000000065c000000| Complete 
| 363|0x000000065c400000, 0x000000065c800000, 0x000000065c800000|100%| E|CS|TAMS 0x000000065c400000, 0x000000065c400000| Complete 
| 364|0x000000065c800000, 0x000000065cc00000, 0x000000065cc00000|100%| E|CS|TAMS 0x000000065c800000, 0x000000065c800000| Complete 
| 365|0x000000065cc00000, 0x000000065d000000, 0x000000065d000000|100%| E|CS|TAMS 0x000000065cc00000, 0x000000065cc00000| Complete 
| 366|0x000000065d000000, 0x000000065d400000, 0x000000065d400000|100%| S|  |TAMS 0x000000065d000000, 0x000000065d000000| Complete 
| 367|0x000000065d400000, 0x000000065d800000, 0x000000065d800000|100%| S|  |TAMS 0x000000065d400000, 0x000000065d400000| Complete 
| 368|0x000000065d800000, 0x000000065dc00000, 0x000000065dc00000|100%| E|CS|TAMS 0x000000065d800000, 0x000000065d800000| Complete 
| 369|0x000000065dc00000, 0x000000065e000000, 0x000000065e000000|100%| E|CS|TAMS 0x000000065dc00000, 0x000000065dc00000| Complete 
| 370|0x000000065e000000, 0x000000065e400000, 0x000000065e400000|100%| E|CS|TAMS 0x000000065e000000, 0x000000065e000000| Complete 
| 371|0x000000065e400000, 0x000000065e800000, 0x000000065e800000|100%| E|CS|TAMS 0x000000065e400000, 0x000000065e400000| Complete 
| 372|0x000000065e800000, 0x000000065ec00000, 0x000000065ec00000|100%| E|CS|TAMS 0x000000065e800000, 0x000000065e800000| Complete 
| 373|0x000000065ec00000, 0x000000065f000000, 0x000000065f000000|100%| E|CS|TAMS 0x000000065ec00000, 0x000000065ec00000| Complete 
| 374|0x000000065f000000, 0x000000065f400000, 0x000000065f400000|100%| E|CS|TAMS 0x000000065f000000, 0x000000065f000000| Complete 
| 375|0x000000065f400000, 0x000000065f800000, 0x000000065f800000|100%| E|CS|TAMS 0x000000065f400000, 0x000000065f400000| Complete 
| 376|0x000000065f800000, 0x000000065fc00000, 0x000000065fc00000|100%| E|CS|TAMS 0x000000065f800000, 0x000000065f800000| Complete 
| 377|0x000000065fc00000, 0x0000000660000000, 0x0000000660000000|100%| E|CS|TAMS 0x000000065fc00000, 0x000000065fc00000| Complete 
| 378|0x0000000660000000, 0x0000000660400000, 0x0000000660400000|100%| E|CS|TAMS 0x0000000660000000, 0x0000000660000000| Complete 
| 379|0x0000000660400000, 0x0000000660800000, 0x0000000660800000|100%| E|CS|TAMS 0x0000000660400000, 0x0000000660400000| Complete 
| 380|0x0000000660800000, 0x0000000660c00000, 0x0000000660c00000|100%| E|CS|TAMS 0x0000000660800000, 0x0000000660800000| Complete 
| 381|0x0000000660c00000, 0x0000000661000000, 0x0000000661000000|100%| E|CS|TAMS 0x0000000660c00000, 0x0000000660c00000| Complete 
| 382|0x0000000661000000, 0x0000000661400000, 0x0000000661400000|100%| E|CS|TAMS 0x0000000661000000, 0x0000000661000000| Complete 
| 383|0x0000000661400000, 0x0000000661800000, 0x0000000661800000|100%| E|CS|TAMS 0x0000000661400000, 0x0000000661400000| Complete 

Card table byte_map: [0x000001fdf3740000,0x000001fdf4740000] _byte_map_base: 0x000001fdf0734000

Marking Bits (Prev, Next): (CMBitMap*) 0x000001fddb7b12d0, (CMBitMap*) 0x000001fddb7b1310
 Prev Bits: [0x000001fdf5740000, 0x000001fdfd6e0000)
 Next Bits: [0x000001fd80000000, 0x000001fd87fa0000)

Polling page: 0x000001fdd9720000

Metaspace:

Usage:
  Non-class:    224.28 KB used.
      Class:      8.96 KB used.
       Both:    233.24 KB used.

Virtual space:
  Non-class space:        8.00 MB reserved,     320.00 KB (  4%) committed,  1 nodes.
      Class space:        1.00 GB reserved,     128.00 KB ( <1%) committed,  1 nodes.
              Both:        1.01 GB reserved,     448.00 KB ( <1%) committed. 

Chunk freelists:
   Non-Class:  3.98 MB
       Class:  3.75 MB
        Both:  7.73 MB

MaxMetaspaceSize: 17179869184.00 GB
CompressedClassSpaceSize: 1.00 GB
 - commit_granule_bytes: 65536.
 - commit_granule_words: 8192.
 - virtual_space_node_default_size: 1048576.
 - enlarge_chunks_in_place: 1.
 - new_chunks_are_fully_committed: 0.
 - uncommit_free_chunks: 1.
 - use_allocation_guard: 0.
 - handle_deallocations: 1.


Internal statistics:

num_allocs_failed_limit: 0.
num_arena_births: 4.
num_arena_deaths: 0.
num_vsnodes_births: 2.
num_vsnodes_deaths: 0.
num_space_committed: 7.
num_space_uncommitted: 0.
num_chunks_returned_to_freelist: 0.
num_chunks_taken_from_freelist: 7.
num_chunk_merges: 0.
num_chunk_splits: 4.
num_chunks_enlarged: 2.
num_purges: 0.

CodeHeap 'non-profiled nmethods': size=119168Kb used=52Kb max_used=52Kb free=119115Kb
 bounds [0x000001fdeaa60000, 0x000001fdeacd0000, 0x000001fdf1ec0000]
CodeHeap 'profiled nmethods': size=119104Kb used=162Kb max_used=162Kb free=118941Kb
 bounds [0x000001fde3610000, 0x000001fde3880000, 0x000001fdeaa60000]
CodeHeap 'non-nmethods': size=7488Kb used=1618Kb max_used=1653Kb free=5869Kb
 bounds [0x000001fde2ec0000, 0x000001fde3130000, 0x000001fde3610000]
 total_blobs=407 nmethods=97 adapters=222
 compilation: enabled
              stopped_count=0, restarted_count=0
 full_count=0

Compilation events (20 events):
Event: 0.031 Thread 0x000001fd8916cdc0 nmethod 84 0x000001fdeaa65510 code [0x000001fdeaa65680, 0x000001fdeaa657d8]
Event: 0.031 Thread 0x000001fd8916d3d0   89       4       Grid::endFound (22 bytes)
Event: 0.031 Thread 0x000001fd8916cdc0   91       4       java.util.LinkedList::poll (19 bytes)
Event: 0.031 Thread 0x000001fd8916d3d0 nmethod 89 0x000001fdeaa65890 code [0x000001fdeaa65a20, 0x000001fdeaa65b38]
Event: 0.031 Thread 0x000001fd89002e90 nmethod 88 0x000001fdeaa65c90 code [0x000001fdeaa65e20, 0x000001fdeaa65f38]
Event: 0.031 Thread 0x000001fd8916d3d0   90       4       java.util.AbstractCollection::isEmpty (13 bytes)
Event: 0.032 Thread 0x000001fd89002e90   92       4       java.util.LinkedList::unlinkFirst (64 bytes)
Event: 0.032 Thread 0x000001fd8916d3d0 nmethod 90 0x000001fdeaa66090 code [0x000001fdeaa66220, 0x000001fdeaa662d8]
Event: 0.032 Thread 0x000001fd8916cdc0 nmethod 91 0x000001fdeaa66390 code [0x000001fdeaa66520, 0x000001fdeaa667d8]
Event: 0.032 Thread 0x000001fd89002e90 nmethod 92 0x000001fdeaa66890 code [0x000001fdeaa66a20, 0x000001fdeaa66cb8]
Event: 0.051 Thread 0x000001fd891523f0   93 %     3       Grid::getPathBFS @ 64 (362 bytes)
Event: 0.052 Thread 0x000001fd891523f0 nmethod 93% 0x000001fde3629a90 code [0x000001fde3629fe0, 0x000001fde362d5d8]
Event: 0.053 Thread 0x000001fd891523f0   94       3       Grid::getPathBFS (362 bytes)
Event: 0.054 Thread 0x000001fd891523f0 nmethod 94 0x000001fde362ea10 code [0x000001fde362efa0, 0x000001fde36325c8]
Event: 0.057 Thread 0x000001fd8916d3d0   95 %     4       Grid::getPathBFS @ 64 (362 bytes)
Event: 0.219 Thread 0x000001fd8916d3d0 nmethod 95% 0x000001fdeaa66d90 code [0x000001fdeaa67000, 0x000001fdeaa69058]
Event: 0.220 Thread 0x000001fd891523f0   96 %     3       Grid::getPathBFS @ 64 (362 bytes)
Event: 0.221 Thread 0x000001fd891523f0 nmethod 96% 0x000001fde3633a10 code [0x000001fde3633f60, 0x000001fde3637538]
Event: 0.226 Thread 0x000001fd8916d3d0   97 %     4       Grid::getPathBFS @ 64 (362 bytes)
Event: 0.361 Thread 0x000001fd8916d3d0 nmethod 97% 0x000001fdeaa6a010 code [0x000001fdeaa6a280, 0x000001fdeaa6c238]

GC Heap History (17 events):
Event: 0.060 GC heap before
{Heap before GC invocations=0 (full 0):
 garbage-first heap   total 524288K, used 24576K [0x0000000601800000, 0x0000000800000000)
  region size 4096K, 6 young (24576K), 0 survivors (0K)
 Metaspace       used 233K, committed 448K, reserved 1056768K
  class space    used 8K, committed 128K, reserved 1048576K
}
Event: 0.101 GC heap after
{Heap after GC invocations=1 (full 0):
 garbage-first heap   total 524288K, used 19756K [0x0000000601800000, 0x0000000800000000)
  region size 4096K, 1 young (4096K), 1 survivors (4096K)
 Metaspace       used 233K, committed 448K, reserved 1056768K
  class space    used 8K, committed 128K, reserved 1048576K
}
Event: 0.111 GC heap before
{Heap before GC invocations=1 (full 0):
 garbage-first heap   total 524288K, used 40236K [0x0000000601800000, 0x0000000800000000)
  region size 4096K, 6 young (24576K), 1 survivors (4096K)
 Metaspace       used 233K, committed 448K, reserved 1056768K
  class space    used 8K, committed 128K, reserved 1048576K
}
Event: 0.159 GC heap after
{Heap after GC invocations=2 (full 0):
 garbage-first heap   total 524288K, used 39442K [0x0000000601800000, 0x0000000800000000)
  region size 4096K, 1 young (4096K), 1 survivors (4096K)
 Metaspace       used 233K, committed 448K, reserved 1056768K
  class space    used 8K, committed 128K, reserved 1048576K
}
Event: 0.169 GC heap before
{Heap before GC invocations=2 (full 0):
 garbage-first heap   total 524288K, used 59922K [0x0000000601800000, 0x0000000800000000)
  region size 4096K, 6 young (24576K), 1 survivors (4096K)
 Metaspace       used 233K, committed 448K, reserved 1056768K
  class space    used 8K, committed 128K, reserved 1048576K
}
Event: 0.217 GC heap after
{Heap after GC invocations=3 (full 0):
 garbage-first heap   total 524288K, used 60009K [0x0000000601800000, 0x0000000800000000)
  region size 4096K, 1 young (4096K), 1 survivors (4096K)
 Metaspace       used 233K, committed 448K, reserved 1056768K
  class space    used 8K, committed 128K, reserved 1048576K
}
Event: 0.230 GC heap before
{Heap before GC invocations=3 (full 0):
 garbage-first heap   total 524288K, used 80489K [0x0000000601800000, 0x0000000800000000)
  region size 4096K, 6 young (24576K), 1 survivors (4096K)
 Metaspace       used 233K, committed 448K, reserved 1056768K
  class space    used 8K, committed 128K, reserved 1048576K
}
Event: 0.281 GC heap after
{Heap after GC invocations=4 (full 0):
 garbage-first heap   total 524288K, used 79960K [0x0000000601800000, 0x0000000800000000)
  region size 4096K, 1 young (4096K), 1 survivors (4096K)
 Metaspace       used 233K, committed 448K, reserved 1056768K
  class space    used 8K, committed 128K, reserved 1048576K
}
Event: 0.293 GC heap before
{Heap before GC invocations=4 (full 0):
 garbage-first heap   total 524288K, used 104536K [0x0000000601800000, 0x0000000800000000)
  region size 4096K, 7 young (28672K), 1 survivors (4096K)
 Metaspace       used 233K, committed 448K, reserved 1056768K
  class space    used 8K, committed 128K, reserved 1048576K
}
Event: 0.360 GC heap after
{Heap after GC invocations=5 (full 0):
 garbage-first heap   total 1572864K, used 105778K [0x0000000601800000, 0x0000000800000000)
  region size 4096K, 1 young (4096K), 1 survivors (4096K)
 Metaspace       used 233K, committed 448K, reserved 1056768K
  class space    used 8K, committed 128K, reserved 1048576K
}
Event: 0.395 GC heap before
{Heap before GC invocations=5 (full 0):
 garbage-first heap   total 1572864K, used 179506K [0x0000000601800000, 0x0000000800000000)
  region size 4096K, 19 young (77824K), 1 survivors (4096K)
 Metaspace       used 233K, committed 448K, reserved 1056768K
  class space    used 8K, committed 128K, reserved 1048576K
}
Event: 0.572 GC heap after
{Heap after GC invocations=6 (full 0):
 garbage-first heap   total 1572864K, used 179851K [0x0000000601800000, 0x0000000800000000)
  region size 4096K, 3 young (12288K), 3 survivors (12288K)
 Metaspace       used 233K, committed 448K, reserved 1056768K
  class space    used 8K, committed 128K, reserved 1048576K
}
Event: 0.590 GC heap before
{Heap before GC invocations=6 (full 0):
 garbage-first heap   total 1572864K, used 245387K [0x0000000601800000, 0x0000000800000000)
  region size 4096K, 19 young (77824K), 3 survivors (12288K)
 Metaspace       used 233K, committed 448K, reserved 1056768K
  class space    used 8K, committed 128K, reserved 1048576K
}
Event: 0.752 GC heap after
{Heap after GC invocations=7 (full 0):
 garbage-first heap   total 1572864K, used 247390K [0x0000000601800000, 0x0000000800000000)
  region size 4096K, 3 young (12288K), 3 survivors (12288K)
 Metaspace       used 233K, committed 448K, reserved 1056768K
  class space    used 8K, committed 128K, reserved 1048576K
}
Event: 0.770 GC heap before
{Heap before GC invocations=7 (full 0):
 garbage-first heap   total 1572864K, used 312926K [0x0000000601800000, 0x0000000800000000)
  region size 4096K, 19 young (77824K), 3 survivors (12288K)
 Metaspace       used 233K, committed 448K, reserved 1056768K
  class space    used 8K, committed 128K, reserved 1048576K
}
Event: 0.941 GC heap after
{Heap after GC invocations=8 (full 0):
 garbage-first heap   total 1572864K, used 317265K [0x0000000601800000, 0x0000000800000000)
  region size 4096K, 3 young (12288K), 3 survivors (12288K)
 Metaspace       used 233K, committed 448K, reserved 1056768K
  class space    used 8K, committed 128K, reserved 1048576K
}
Event: 0.959 GC heap before
{Heap before GC invocations=8 (full 0):
 garbage-first heap   total 1572864K, used 382801K [0x0000000601800000, 0x0000000800000000)
  region size 4096K, 19 young (77824K), 3 survivors (12288K)
 Metaspace       used 233K, committed 448K, reserved 1056768K
  class space    used 8K, committed 128K, reserved 1048576K
}

Deoptimization events (8 events):
Event: 0.219 Thread 0x000001fddb739790 DEOPT PACKING pc=0x000001fde362cc34 sp=0x000000e2536feec0
Event: 0.219 Thread 0x000001fddb739790 DEOPT UNPACKING pc=0x000001fde2f0dece sp=0x000000e2536fe4a0 mode 0
Event: 0.219 Thread 0x000001fddb739790 Uncommon trap: trap_request=0xffffff45 fr.pc=0x000001fdeaa67ba0 relative=0x0000000000000ba0
Event: 0.219 Thread 0x000001fddb739790 Uncommon trap: reason=unstable_if action=reinterpret pc=0x000001fdeaa67ba0 method=Grid.getPathBFS()[LGrid$Position; @ 158 c2
Event: 0.219 Thread 0x000001fddb739790 DEOPT PACKING pc=0x000001fdeaa67ba0 sp=0x000000e2536fefe0
Event: 0.219 Thread 0x000001fddb739790 DEOPT UNPACKING pc=0x000001fde2f0d72e sp=0x000000e2536fefb0 mode 2
Event: 0.362 Thread 0x000001fddb739790 DEOPT PACKING pc=0x000001fde3636ba4 sp=0x000000e2536feec0
Event: 0.362 Thread 0x000001fddb739790 DEOPT UNPACKING pc=0x000001fde2f0dece sp=0x000000e2536fe4a0 mode 0

Classes unloaded (0 events):
No events

Classes redefined (0 events):
No events

Internal exceptions (0 events):
No events

Events (20 events):
Event: 0.027 loading class java/util/Stack done
Event: 0.029 Thread 0x000001fd8916cdc0 Thread added: 0x000001fd8916cdc0
Event: 0.029 Thread 0x000001fd8916d3d0 Thread added: 0x000001fd8916d3d0
Event: 0.059 Executing  VM operation: G1CollectForAllocation
Event: 0.101 Executing  VM operation: G1CollectForAllocation done
Event: 0.111 Executing  VM operation: G1CollectForAllocation
Event: 0.159 Executing  VM operation: G1CollectForAllocation done
Event: 0.169 Executing  VM operation: G1CollectForAllocation
Event: 0.217 Executing  VM operation: G1CollectForAllocation done
Event: 0.230 Executing  VM operation: G1CollectForAllocation
Event: 0.281 Executing  VM operation: G1CollectForAllocation done
Event: 0.293 Executing  VM operation: G1CollectForAllocation
Event: 0.360 Executing  VM operation: G1CollectForAllocation done
Event: 0.395 Executing  VM operation: G1CollectForAllocation
Event: 0.572 Executing  VM operation: G1CollectForAllocation done
Event: 0.590 Executing  VM operation: G1CollectForAllocation
Event: 0.752 Executing  VM operation: G1CollectForAllocation done
Event: 0.770 Executing  VM operation: G1CollectForAllocation
Event: 0.941 Executing  VM operation: G1CollectForAllocation done
Event: 0.959 Executing  VM operation: G1CollectForAllocation


Dynamic libraries:
0x00007ff6ef010000 - 0x00007ff6ef020000 	C:\Program Files\Java\jdk-16.0.2\bin\javaw.exe
0x00007ff96d730000 - 0x00007ff96d927000 	C:\Windows\SYSTEM32\ntdll.dll
0x00007ff96ce20000 - 0x00007ff96cedd000 	C:\Windows\System32\KERNEL32.DLL
0x00007ff96ae80000 - 0x00007ff96b14d000 	C:\Windows\System32\KERNELBASE.dll
0x00007ff96b510000 - 0x00007ff96b610000 	C:\Windows\System32\ucrtbase.dll
0x00007ff960560000 - 0x00007ff960578000 	C:\Program Files\Java\jdk-16.0.2\bin\jli.dll
0x00007ff95a5e0000 - 0x00007ff95a5f9000 	C:\Program Files\Java\jdk-16.0.2\bin\VCRUNTIME140.dll
0x00007ff96b790000 - 0x00007ff96b83e000 	C:\Windows\System32\ADVAPI32.dll
0x00007ff96c230000 - 0x00007ff96c2ce000 	C:\Windows\System32\msvcrt.dll
0x00007ff96b970000 - 0x00007ff96ba0c000 	C:\Windows\System32\sechost.dll
0x00007ff96ca30000 - 0x00007ff96cb55000 	C:\Windows\System32\RPCRT4.dll
0x00007ff96c5b0000 - 0x00007ff96c750000 	C:\Windows\System32\USER32.dll
0x00007ff96ae50000 - 0x00007ff96ae72000 	C:\Windows\System32\win32u.dll
0x00007ff96c580000 - 0x00007ff96c5aa000 	C:\Windows\System32\GDI32.dll
0x00007ff94a8b0000 - 0x00007ff94ab4a000 	C:\Windows\WinSxS\amd64_microsoft.windows.common-controls_6595b64144ccf1df_6.0.19041.1110_none_60b5254171f9507e\COMCTL32.dll
0x00007ff96b150000 - 0x00007ff96b25b000 	C:\Windows\System32\gdi32full.dll
0x00007ff96b6c0000 - 0x00007ff96b75d000 	C:\Windows\System32\msvcp_win.dll
0x00007ff963160000 - 0x00007ff96316a000 	C:\Windows\SYSTEM32\VERSION.dll
0x00007ff96d6b0000 - 0x00007ff96d6e0000 	C:\Windows\System32\IMM32.DLL
0x00007ff968690000 - 0x00007ff96869c000 	C:\Program Files\Java\jdk-16.0.2\bin\vcruntime140_1.dll
0x00007ff959e70000 - 0x00007ff959f01000 	C:\Program Files\Java\jdk-16.0.2\bin\msvcp140.dll
0x00007ff92d580000 - 0x00007ff92e12b000 	C:\Program Files\Java\jdk-16.0.2\bin\server\jvm.dll
0x00007ff96d6e0000 - 0x00007ff96d6e8000 	C:\Windows\System32\PSAPI.DLL
0x00007ff944fb0000 - 0x00007ff944fb9000 	C:\Windows\SYSTEM32\WSOCK32.dll
0x00007ff95fbb0000 - 0x00007ff95fbd7000 	C:\Windows\SYSTEM32\WINMM.dll
0x00007ff96cdb0000 - 0x00007ff96ce1b000 	C:\Windows\System32\WS2_32.dll
0x00007ff968d70000 - 0x00007ff968d82000 	C:\Windows\SYSTEM32\kernel.appcore.dll
0x00007ff966b50000 - 0x00007ff966b5a000 	C:\Program Files\Java\jdk-16.0.2\bin\jimage.dll
0x00007ff95ec10000 - 0x00007ff95edf4000 	C:\Windows\SYSTEM32\DBGHELP.DLL
0x00007ff95ebe0000 - 0x00007ff95ec0c000 	C:\Windows\SYSTEM32\dbgcore.DLL
0x00007ff96b480000 - 0x00007ff96b502000 	C:\Windows\System32\bcryptPrimitives.dll
0x00007ff9567d0000 - 0x00007ff9567f5000 	C:\Program Files\Java\jdk-16.0.2\bin\java.dll
0x00007ff96bac0000 - 0x00007ff96c204000 	C:\Windows\System32\SHELL32.dll
0x00007ff968f70000 - 0x00007ff969704000 	C:\Windows\SYSTEM32\windows.storage.dll
0x00007ff96d350000 - 0x00007ff96d6a4000 	C:\Windows\System32\combase.dll
0x00007ff96a8b0000 - 0x00007ff96a8dc000 	C:\Windows\SYSTEM32\Wldp.dll
0x00007ff96ba10000 - 0x00007ff96babd000 	C:\Windows\System32\SHCORE.dll
0x00007ff96cbe0000 - 0x00007ff96cc35000 	C:\Windows\System32\shlwapi.dll
0x00007ff96ad90000 - 0x00007ff96adaf000 	C:\Windows\SYSTEM32\profapi.dll

dbghelp: loaded successfully - version: 4.0.5 - missing functions: none
symbol engine: initialized successfully - sym options: 0x614 - pdb path: .;C:\Program Files\Java\jdk-16.0.2\bin;C:\Windows\SYSTEM32;C:\Windows\WinSxS\amd64_microsoft.windows.common-controls_6595b64144ccf1df_6.0.19041.1110_none_60b5254171f9507e;C:\Program Files\Java\jdk-16.0.2\bin\server

VM Arguments:
jvm_args: -Dfile.encoding=Cp1252 -XX:+ShowCodeDetailsInExceptionMessages 
java_command: Grid
java_class_path (initial): D:\Documents\Eclipse Workspace\BrightSkyWorkSample\bin
Launcher Type: SUN_STANDARD

[Global flags]
     intx CICompilerCount                          = 12                                        {product} {ergonomic}
     uint ConcGCThreads                            = 3                                         {product} {ergonomic}
     uint G1ConcRefinementThreads                  = 13                                        {product} {ergonomic}
   size_t G1HeapRegionSize                         = 4194304                                   {product} {ergonomic}
    uintx GCDrainStackTargetSize                   = 64                                        {product} {ergonomic}
   size_t InitialHeapSize                          = 536870912                                 {product} {ergonomic}
   size_t MarkStackSize                            = 4194304                                   {product} {ergonomic}
   size_t MaxHeapSize                              = 8564768768                                {product} {ergonomic}
   size_t MaxNewSize                               = 5138022400                                {product} {ergonomic}
   size_t MinHeapDeltaBytes                        = 4194304                                   {product} {ergonomic}
   size_t MinHeapSize                              = 8388608                                   {product} {ergonomic}
    uintx NonNMethodCodeHeapSize                   = 7602480                                {pd product} {ergonomic}
    uintx NonProfiledCodeHeapSize                  = 122027880                              {pd product} {ergonomic}
    uintx ProfiledCodeHeapSize                     = 122027880                              {pd product} {ergonomic}
    uintx ReservedCodeCacheSize                    = 251658240                              {pd product} {ergonomic}
     bool SegmentedCodeCache                       = true                                      {product} {ergonomic}
     bool ShowCodeDetailsInExceptionMessages       = true                                   {manageable} {command line}
   size_t SoftMaxHeapSize                          = 8564768768                             {manageable} {ergonomic}
     bool UseCompressedClassPointers               = true                           {product lp64_product} {ergonomic}
     bool UseCompressedOops                        = true                           {product lp64_product} {ergonomic}
     bool UseG1GC                                  = true                                      {product} {ergonomic}
     bool UseLargePagesIndividualAllocation        = false                                  {pd product} {ergonomic}

Logging:
Log output configuration:
 #0: stdout all=warning uptime,level,tags
 #1: stderr all=off uptime,level,tags

Environment Variables:
PATH=C:/Users/Bosurgi/.p2/pool/plugins/org.eclipse.justj.openjdk.hotspot.jre.full.win32.x86_64_15.0.2.v20210201-0955/jre/bin/server;C:/Users/Bosurgi/.p2/pool/plugins/org.eclipse.justj.openjdk.hotspot.jre.full.win32.x86_64_15.0.2.v20210201-0955/jre/bin;C:\Program Files\Common Files\Oracle\Java\javapath;C:\Program Files (x86)\Razer Chroma SDK\bin;C:\Program Files\Razer Chroma SDK\bin;C:\Program Files (x86)\Razer\ChromaBroadcast\bin;C:\Program Files\Razer\ChromaBroadcast\bin;C:\Windows\system32;C:\Windows;C:\Windows\System32\Wbem;C:\Windows\System32\WindowsPowerShell\v1.0\;C:\Windows\System32\OpenSSH\;C:\Program Files\NVIDIA Corporation\NVIDIA NvDLISR;C:\Program Files (x86)\NVIDIA Corporation\PhysX\Common;C:\Windows\system32\config\systemprofile\AppData\Local\Microsoft\WindowsApps;C:\Users\Bosurgi\AppData\Local\Programs\Python\Python39\Scripts\;C:\Users\Bosurgi\AppData\Local\Programs\Python\Python39\;C:\Users\Bosurgi\AppData\Local\Microsoft\WindowsApps;D:\Programs\PyCharm Community Edition 2020.3.2\bin;;C:\Program Files\Java\jdk-16.0.2\bin;;C:\Windows\System32;
USERNAME=Bosurgi
OS=Windows_NT
PROCESSOR_IDENTIFIER=Intel64 Family 6 Model 165 Stepping 5, GenuineIntel



---------------  S Y S T E M  ---------------

OS:
 Windows 10 , 64 bit Build 19041 (10.0.19041.1741)
OS uptime: 3 days 23:06 hours

CPU: total 16 (initial active 16) (8 cores per cpu, 2 threads per core) family 6 model 165 stepping 5 microcode 0xe2, cx8, cmov, fxsr, ht, mmx, 3dnowpref, sse, sse2, sse3, ssse3, sse4.1, sse4.2, popcnt, lzcnt, tsc, tscinvbit, avx, avx2, aes, erms, clmul, bmi1, bmi2, adx, fma, vzeroupper, clflush, clflushopt

Memory: 4k page, system-wide physical 32668M (23417M free)
TotalPageFile size 37532M (AvailPageFile size 24498M)
current process WorkingSet (physical memory assigned to process): 471M, peak: 471M
current process commit charge ("private bytes"): 1689M, peak: 1690M

vm_info: Java HotSpot(TM) 64-Bit Server VM (16.0.2+7-67) for windows-amd64 JRE (16.0.2+7-67), built on Jun  8 2021 23:24:19 by "mach5one" with MS VC++ 16.7 (VS2019)

END.
